 PATH path4308 FOUND 
 0) 5.98,119.20
    6.05,119.13
    6.12,119.06
    6.21,118.98
    6.30,118.91
    6.39,118.84
    6.48,118.77
    6.58,118.70
    6.68,118.64
    6.78,118.58
    6.88,118.53
    6.98,118.60
    7.08,118.67
    7.18,118.74
    7.28,118.81
    7.38,118.88
    7.48,118.95
    7.58,119.02
    7.68,119.09
    7.78,119.16
    7.88,119.23
    7.98,119.30
    8.08,119.37
    8.18,119.44
    8.28,119.51
    8.38,119.58
    8.48,119.65
    8.36,119.67
    8.24,119.69
    8.12,119.71
    8.00,119.73
    7.88,119.75
    7.76,119.77
    7.64,119.79
    7.52,119.81
    7.40,119.83
    7.28,119.85
    7.16,119.87
    7.04,119.89
    6.92,119.91
    6.80,119.93
    6.68,119.95
    6.56,119.97
    6.44,119.99
    6.32,120.01
    6.20,120.03
    6.08,120.05
    5.96,120.07
    5.84,120.09
    5.72,120.11
    5.60,120.13
    5.48,120.15
    5.36,120.17
    5.24,120.19
    5.12,120.21
    5.17,120.10
    5.22,119.99
    5.27,119.88
    5.33,119.78
    5.39,119.68
    5.46,119.58
    5.53,119.48
    5.60,119.38
    5.67,119.29
    5.75,119.20
    5.83,119.11
 PATH path4306 FOUND 
 1) 8.44,125.20
    8.32,125.19
    8.20,125.18
    8.08,125.17
    7.96,125.15
    7.84,125.13
    7.72,125.11
    7.61,125.08
    7.50,125.04
    7.48,124.92
    7.46,124.80
    7.44,124.68
    7.42,124.56
    7.40,124.44
    7.38,124.32
    7.36,124.20
    7.34,124.08
    7.32,123.96
    7.30,123.84
    7.28,123.72
    7.26,123.60
    7.24,123.48
    7.22,123.36
    7.20,123.24
    7.18,123.12
    7.29,123.19
    7.40,123.26
    7.50,123.33
    7.61,123.40
    7.72,123.47
    7.83,123.54
    7.93,123.61
    8.04,123.68
    8.15,123.75
    8.25,123.82
    8.36,123.89
    8.46,123.96
    8.56,124.03
    8.66,124.10
    8.76,124.17
    8.86,124.24
    8.97,124.31
    9.07,124.38
    9.17,124.45
    9.27,124.52
    9.37,124.59
    9.47,124.66
    9.57,124.73
    9.67,124.80
    9.77,124.87
    9.87,124.94
    9.75,124.98
    9.63,125.02
    9.51,125.06
    9.39,125.09
    9.27,125.12
    9.15,125.14
    9.03,125.16
    8.90,125.18
    8.77,125.19
    8.64,125.20
    8.53,125.20
    8.43,125.20
 PATH path4304 FOUND 
 2) 8.44,118.11
    8.54,118.11
    8.65,118.11
    8.77,118.12
    8.89,118.13
    9.01,118.14
    9.13,118.16
    9.25,118.18
    9.37,118.21
    9.49,118.24
    9.60,118.28
    9.62,118.40
    9.64,118.52
    9.66,118.64
    9.68,118.76
    9.70,118.88
    9.72,119.00
    9.74,119.12
    9.76,119.24
    9.78,119.36
    9.80,119.48
    9.82,119.60
    9.84,119.72
    9.86,119.84
    9.88,119.96
    9.90,120.08
    9.92,120.20
    9.82,120.13
    9.72,120.06
    9.62,119.99
    9.52,119.92
    9.42,119.85
    9.32,119.78
    9.22,119.71
    9.12,119.64
    9.02,119.57
    8.92,119.50
    8.82,119.43
    8.72,119.36
    8.62,119.29
    8.52,119.22
    8.42,119.15
    8.32,119.08
    8.22,119.01
    8.12,118.94
    8.02,118.87
    7.92,118.80
    7.82,118.73
    7.72,118.66
    7.62,118.59
    7.52,118.52
    7.42,118.45
    7.32,118.38
    7.43,118.34
    7.55,118.30
    7.67,118.27
    7.79,118.24
    7.91,118.21
    8.03,118.19
    8.15,118.17
    8.27,118.16
    8.39,118.15
    8.51,118.14
 PATH path4302 FOUND 
 3) 11.81,123.01
    11.82,123.01
    11.77,123.12
    11.72,123.23
    11.66,123.34
    11.60,123.45
    11.54,123.55
    11.47,123.65
    11.40,123.75
    11.33,123.85
    11.25,123.94
    11.17,124.03
    11.09,124.12
    11.00,124.21
    10.91,124.29
    10.82,124.37
    10.73,124.45
    10.63,124.52
    10.53,124.59
    10.43,124.66
    10.33,124.72
    10.22,124.78
    10.11,124.71
    10.00,124.64
    9.89,124.57
    9.78,124.50
    9.67,124.43
    9.56,124.36
    9.45,124.29
    9.34,124.22
    9.23,124.15
    9.12,124.08
    9.01,124.01
    8.90,123.94
    8.79,123.87
    8.68,123.80
    8.58,123.73
    8.48,123.66
    8.61,123.64
    8.74,123.62
    8.87,123.60
    9.00,123.58
    9.13,123.56
    9.26,123.54
    9.39,123.52
    9.52,123.50
    9.65,123.48
    9.78,123.46
    9.91,123.44
    10.04,123.42
    10.17,123.40
    10.30,123.38
    10.43,123.36
    10.56,123.34
    10.69,123.32
    10.82,123.30
    10.95,123.28
    11.08,123.26
    11.21,123.24
    11.34,123.22
    11.47,123.20
    11.60,123.18
    11.73,123.16
    11.86,123.14
 PATH path4300 FOUND 
 4) 6.58,121.64
    6.60,121.76
    6.62,121.88
    6.64,122.00
    6.66,122.12
    6.68,122.24
    6.70,122.36
    6.72,122.48
    6.74,122.60
    6.76,122.72
    6.78,122.84
    6.80,122.96
    6.82,123.08
    6.84,123.20
    6.86,123.32
    6.88,123.44
    6.90,123.56
    6.92,123.68
    6.94,123.80
    6.96,123.92
    6.98,124.04
    7.00,124.16
    7.02,124.28
    7.04,124.40
    7.06,124.52
    7.08,124.64
    7.10,124.76
    7.12,124.88
    7.14,125.00
    7.03,124.95
    6.92,124.90
    6.81,124.84
    6.70,124.78
    6.59,124.71
    6.49,124.64
    6.39,124.57
    6.29,124.49
    6.19,124.41
    6.10,124.33
    6.01,124.24
    5.92,124.15
    5.84,124.06
    5.76,123.96
    5.68,123.86
    5.61,123.76
    5.54,123.66
    5.47,123.55
    5.41,123.44
    5.48,123.34
    5.55,123.24
    5.62,123.14
    5.69,123.04
    5.76,122.94
    5.83,122.84
    5.90,122.74
    5.97,122.64
    6.04,122.54
    6.11,122.44
    6.18,122.34
    6.25,122.24
    6.32,122.14
    6.39,122.04
    6.46,121.94
    6.53,121.84
    6.60,121.74
 PATH path4298 FOUND 
 5) 5.00,121.76
    5.00,121.66
    5.00,121.55
    5.01,121.43
    5.02,121.31
    5.03,121.20
    5.05,121.09
    5.07,120.98
    5.09,120.87
    5.12,120.76
    5.15,120.65
    5.27,120.63
    5.39,120.61
    5.51,120.59
    5.63,120.57
    5.75,120.55
    5.87,120.53
    5.99,120.51
    6.11,120.49
    6.23,120.47
    6.35,120.45
    6.47,120.43
    6.59,120.41
    6.71,120.39
    6.83,120.37
    6.95,120.35
    7.07,120.33
    7.00,120.43
    6.93,120.53
    6.86,120.63
    6.79,120.73
    6.72,120.83
    6.65,120.93
    6.58,121.03
    6.51,121.13
    6.44,121.23
    6.37,121.33
    6.30,121.43
    6.23,121.53
    6.16,121.63
    6.09,121.73
    6.02,121.83
    5.95,121.93
    5.88,122.03
    5.81,122.13
    5.74,122.23
    5.67,122.33
    5.60,122.43
    5.53,122.53
    5.46,122.63
    5.39,122.73
    5.32,122.83
    5.25,122.93
    5.18,123.03
    5.11,123.13
    5.06,123.02
    5.02,122.91
    4.98,122.80
    4.95,122.69
    4.92,122.57
    4.89,122.45
    4.87,122.33
    4.85,122.21
    4.84,122.09
    4.83,121.97
    4.82,121.85
 PATH path4296 FOUND 
 6) 9.93,118.40
    10.04,118.45
    10.15,118.50
    10.26,118.56
    10.37,118.62
    10.48,118.69
    10.58,118.76
    10.68,118.83
    10.78,118.91
    10.88,118.99
    10.97,119.07
    11.06,119.16
    11.15,119.25
    11.23,119.34
    11.31,119.44
    11.39,119.54
    11.46,119.64
    11.53,119.74
    11.60,119.85
    11.66,119.96
    11.59,120.06
    11.52,120.16
    11.45,120.26
    11.38,120.36
    11.31,120.46
    11.24,120.56
    11.17,120.66
    11.10,120.76
    11.03,120.86
    10.96,120.96
    10.89,121.06
    10.82,121.16
    10.75,121.26
    10.68,121.36
    10.61,121.46
    10.54,121.56
    10.52,121.44
    10.50,121.32
    10.48,121.20
    10.46,121.08
    10.44,120.96
    10.42,120.84
    10.40,120.72
    10.38,120.60
    10.36,120.48
    10.34,120.36
    10.32,120.24
    10.30,120.12
    10.28,120.00
    10.26,119.88
    10.24,119.76
    10.22,119.64
    10.20,119.52
    10.18,119.40
    10.16,119.28
    10.14,119.16
    10.12,119.04
    10.10,118.92
    10.08,118.80
    10.06,118.68
    10.04,118.56
    10.02,118.44
 PATH path4292 FOUND 
 7) 31.48,120.24
    31.60,120.24
    31.72,120.24
    31.84,120.24
    31.96,120.24
    32.08,120.24
    32.20,120.24
    32.32,120.24
    32.44,120.24
    32.56,120.24
    32.69,120.24
    32.81,120.24
    32.93,120.24
    33.05,120.24
    33.18,120.24
    33.30,120.24
    33.28,120.36
    33.25,120.48
    33.22,120.60
    33.19,120.72
    33.07,120.72
    32.95,120.72
    32.83,120.72
    32.71,120.72
    32.59,120.72
    32.47,120.72
    32.35,120.72
    32.23,120.72
    32.11,120.72
    31.99,120.72
    31.97,120.82
    31.95,120.92
    31.93,121.02
    31.91,121.12
    31.89,121.22
    32.01,121.22
    32.13,121.22
    32.25,121.22
    32.37,121.22
    32.49,121.22
    32.61,121.22
    32.73,121.22
    32.85,121.22
    32.97,121.22
    32.94,121.34
    32.91,121.46
    32.88,121.58
    32.85,121.70
    32.73,121.70
    32.61,121.70
    32.49,121.70
    32.37,121.70
    32.25,121.70
    32.13,121.70
    32.01,121.70
    31.89,121.70
    31.77,121.70
    31.75,121.81
    31.73,121.92
    31.71,122.03
    31.69,122.14
    31.67,122.25
    31.79,122.25
    31.91,122.25
    32.03,122.25
    32.15,122.25
    32.27,122.25
    32.39,122.25
    32.51,122.25
    32.63,122.25
    32.75,122.25
    32.87,122.25
    32.84,122.37
    32.81,122.49
    32.78,122.61
    32.75,122.73
    32.62,122.73
    32.49,122.73
    32.36,122.73
    32.23,122.73
    32.10,122.73
    31.97,122.73
    31.84,122.73
    31.71,122.73
    31.58,122.73
    31.45,122.73
    31.32,122.73
    31.19,122.73
    31.06,122.73
    30.93,122.73
    30.80,122.73
    30.83,122.61
    30.86,122.49
    30.89,122.37
    30.92,122.25
    30.95,122.13
    30.98,122.01
    31.01,121.89
    31.04,121.77
    31.07,121.65
    31.10,121.53
    31.13,121.41
    31.16,121.29
    31.19,121.17
    31.22,121.05
    31.25,120.93
    31.28,120.81
    31.31,120.69
    31.34,120.57
    31.37,120.45
    31.40,120.33
 PATH path4290 FOUND 
 8) 29.36,120.23
    29.36,120.34
    29.36,120.45
    29.36,120.56
    29.36,120.67
    29.41,120.67
    29.49,120.67
    29.57,120.67
    29.64,120.68
    29.71,120.70
    29.77,120.74
    29.81,120.79
    29.83,120.88
    29.82,120.97
    29.80,121.04
    29.76,121.12
    29.69,121.20
    29.59,121.25
    29.48,121.27
    29.38,121.27
    29.38,121.39
    29.38,121.51
    29.38,121.63
    29.38,121.75
    29.41,121.75
    29.49,121.82
    29.51,121.88
    29.51,121.94
    29.50,122.04
    29.49,122.14
    29.48,122.24
    29.47,122.34
    29.46,122.44
    29.45,122.57
    29.45,122.70
    29.57,122.70
    29.70,122.70
    29.82,122.70
    29.95,122.70
    30.07,122.70
    30.19,122.70
    30.18,122.63
    30.18,122.56
    30.18,122.48
    30.18,122.40
    30.18,122.32
    30.18,122.24
    30.19,122.17
    30.20,122.10
    30.21,121.97
    30.21,121.84
    30.20,121.74
    30.17,121.65
    30.11,121.58
    30.03,121.53
    29.94,121.50
    29.85,121.49
    29.76,121.48
    29.76,121.47
    29.84,121.46
    29.92,121.44
    30.00,121.42
    30.08,121.39
    30.16,121.35
    30.26,121.29
    30.31,121.25
    30.35,121.20
    30.39,121.14
    30.43,121.07
    30.46,120.98
    30.48,120.89
    30.49,120.80
    30.50,120.71
    30.50,120.64
    30.49,120.57
    30.46,120.47
    30.42,120.40
    30.38,120.35
    30.33,120.31
    30.26,120.28
    30.19,120.26
    30.09,120.24
    29.99,120.23
    29.89,120.23
    29.79,120.23
    29.69,120.23
    29.58,120.23
    29.47,120.23
    29.36,120.23
 PATH path4810 FOUND 
 9) 29.36,120.23
    29.24,120.23
    29.12,120.23
    29.00,120.23
    28.88,120.23
    28.76,120.23
    28.64,120.23
    28.52,120.23
    28.49,120.35
    28.46,120.47
    28.43,120.59
    28.40,120.71
    28.37,120.83
    28.34,120.95
    28.31,121.07
    28.28,121.19
    28.25,121.31
    28.22,121.43
    28.19,121.55
    28.16,121.67
    28.13,121.79
    28.10,121.91
    28.07,122.03
    28.04,122.15
    28.01,122.27
    27.98,122.39
    27.95,122.51
    27.92,122.63
    28.04,122.63
    28.16,122.63
    28.28,122.63
    28.40,122.63
    28.52,122.63
    28.64,122.63
    28.67,122.51
    28.70,122.39
    28.73,122.27
    28.76,122.15
    28.79,122.03
    28.82,121.91
    28.85,121.79
    28.88,121.67
    28.98,121.67
    29.08,121.67
    29.18,121.67
    29.25,121.67
    29.32,121.68
    29.32,121.56
    29.32,121.44
    29.32,121.32
    29.32,121.20
    29.24,121.20
    29.15,121.20
    29.06,121.20
    28.97,121.20
    29.00,121.08
    29.03,120.96
    29.06,120.84
    29.09,120.72
    29.12,120.60
    29.23,120.60
    29.34,120.60
    29.34,120.49
    29.34,120.38
    29.34,120.27
    29.34,120.16
 PATH path4288 FOUND 
10) 26.04,120.23
    26.01,120.35
    25.98,120.47
    25.95,120.59
    25.92,120.71
    25.89,120.83
    25.86,120.95
    25.83,121.07
    25.80,121.19
    25.77,121.31
    25.74,121.43
    25.71,121.55
    25.68,121.67
    25.66,121.77
    25.65,121.87
    25.65,121.96
    25.68,122.05
    25.74,122.14
    25.83,122.20
    25.94,122.24
    26.06,122.25
    26.15,122.24
    26.24,122.22
    26.33,122.18
    26.43,122.11
    26.51,122.03
    26.57,121.94
    26.62,121.84
    26.65,121.74
    26.68,121.64
    26.71,121.52
    26.74,121.40
    26.77,121.28
    26.80,121.16
    26.83,121.04
    26.86,120.92
    26.89,120.80
    26.92,120.68
    26.95,120.56
    26.98,120.44
    27.01,120.32
    27.04,120.20
    27.15,120.20
    27.26,120.20
    27.37,120.20
    27.48,120.20
    27.59,120.20
    27.70,120.20
    27.67,120.32
    27.64,120.44
    27.61,120.56
    27.58,120.68
    27.55,120.80
    27.52,120.92
    27.49,121.04
    27.46,121.16
    27.43,121.28
    27.40,121.40
    27.37,121.52
    27.34,121.64
    27.32,121.74
    27.29,121.84
    27.26,121.94
    27.22,122.04
    27.17,122.14
    27.12,122.23
    27.06,122.31
    26.99,122.38
    26.91,122.45
    26.83,122.51
    26.74,122.56
    26.65,122.60
    26.56,122.64
    26.46,122.67
    26.37,122.69
    26.27,122.71
    26.17,122.72
    26.08,122.73
    25.99,122.74
    25.90,122.74
    25.78,122.74
    25.66,122.73
    25.54,122.71
    25.42,122.68
    25.31,122.64
    25.21,122.59
    25.12,122.53
    25.06,122.47
    25.01,122.40
    24.97,122.32
    24.93,122.20
    24.91,122.07
    24.91,121.94
    24.92,121.82
    24.94,121.71
    24.96,121.60
    24.99,121.48
    25.02,121.36
    25.05,121.24
    25.08,121.12
    25.11,121.00
    25.14,120.88
    25.17,120.76
    25.20,120.64
    25.23,120.52
    25.26,120.40
    25.29,120.28
    25.32,120.16
    25.44,120.16
    25.56,120.16
    25.68,120.16
    25.80,120.16
    25.92,120.16
    26.04,120.16
ERROR
 PATH path4286 FOUND 
11) 23.13,120.72
    23.00,120.72
    22.87,120.72
    22.74,120.72
    22.61,120.72
    22.48,120.72
    22.35,120.72
    22.38,120.60
    22.41,120.48
    22.44,120.36
    22.47,120.24
    22.59,120.24
    22.71,120.24
    22.83,120.24
    22.95,120.24
    23.07,120.24
    23.19,120.24
    23.31,120.24
    23.43,120.24
    23.55,120.24
    23.67,120.24
    23.79,120.24
    23.91,120.24
    24.03,120.24
    24.15,120.24
    24.27,120.24
    24.39,120.24
    24.51,120.24
    24.63,120.24
    24.60,120.36
    24.57,120.48
    24.54,120.60
    24.51,120.72
    24.40,120.72
    24.29,120.72
    24.18,120.72
    24.07,120.72
    23.96,120.72
    23.85,120.72
    23.74,120.72
    23.71,120.84
    23.68,120.96
    23.65,121.09
    23.62,121.21
    23.59,121.33
    23.56,121.45
    23.53,121.57
    23.50,121.69
    23.47,121.81
    23.44,121.93
    23.41,122.05
    23.38,122.17
    23.35,122.29
    23.32,122.41
    23.29,122.53
    23.26,122.66
    23.14,122.66
    23.02,122.66
    22.90,122.66
    22.78,122.66
    22.66,122.66
    22.54,122.66
    22.57,122.54
    22.60,122.42
    22.63,122.29
    22.66,122.17
    22.69,122.05
    22.72,121.93
    22.75,121.81
    22.78,121.69
    22.81,121.57
    22.84,121.45
    22.87,121.33
    22.90,121.21
    22.93,121.09
    22.96,120.97
    22.99,120.85
    23.02,120.72
 PATH path4284 FOUND 
12) 20.62,120.23
    20.62,120.34
    20.62,120.45
    20.62,120.56
    20.62,120.67
    20.67,120.67
    20.75,120.67
    20.83,120.67
    20.90,120.68
    20.97,120.70
    21.03,120.74
    21.07,120.79
    21.09,120.88
    21.08,120.97
    21.06,121.04
    21.01,121.12
    20.94,121.20
    20.84,121.25
    20.73,121.27
    20.63,121.27
    20.63,121.39
    20.63,121.51
    20.63,121.63
    20.63,121.75
    20.66,121.75
    20.74,121.82
    20.76,121.88
    20.76,121.94
    20.75,122.04
    20.74,122.14
    20.73,122.24
    20.72,122.34
    20.71,122.44
    20.70,122.57
    20.70,122.70
    20.82,122.70
    20.95,122.70
    21.07,122.70
    21.20,122.70
    21.32,122.70
    21.44,122.70
    21.43,122.63
    21.43,122.56
    21.43,122.48
    21.43,122.40
    21.43,122.32
    21.43,122.24
    21.44,122.17
    21.45,122.10
    21.46,121.97
    21.46,121.84
    21.45,121.74
    21.42,121.65
    21.36,121.58
    21.28,121.53
    21.19,121.50
    21.10,121.49
    21.01,121.48
    21.01,121.47
    21.09,121.46
    21.17,121.44
    21.25,121.42
    21.33,121.39
    21.41,121.35
    21.51,121.29
    21.56,121.25
    21.60,121.20
    21.64,121.14
    21.68,121.07
    21.71,120.98
    21.73,120.89
    21.74,120.80
    21.75,120.71
    21.75,120.64
    21.74,120.57
    21.71,120.47
    21.67,120.40
    21.63,120.35
    21.58,120.31
    21.51,120.28
    21.44,120.26
    21.34,120.24
    21.24,120.23
    21.14,120.23
    21.04,120.23
    20.94,120.23
    20.82,120.23
    20.70,120.23
    20.58,120.23
 PATH path4805 FOUND 
13) 20.62,120.23
    20.50,120.23
    20.38,120.23
    20.27,120.23
    20.15,120.23
    20.03,120.23
    19.91,120.23
    19.80,120.23
    19.77,120.35
    19.74,120.47
    19.71,120.59
    19.68,120.71
    19.65,120.83
    19.62,120.95
    19.59,121.07
    19.56,121.19
    19.53,121.31
    19.50,121.43
    19.47,121.55
    19.44,121.67
    19.41,121.79
    19.38,121.91
    19.35,122.03
    19.32,122.15
    19.29,122.27
    19.26,122.39
    19.23,122.51
    19.20,122.63
    19.32,122.63
    19.44,122.63
    19.56,122.63
    19.68,122.63
    19.80,122.63
    19.92,122.63
    19.95,122.51
    19.98,122.39
    20.01,122.27
    20.04,122.15
    20.07,122.03
    20.10,121.91
    20.13,121.79
    20.16,121.67
    20.26,121.67
    20.36,121.67
    20.46,121.67
    20.53,121.67
    20.60,121.68
    20.60,121.56
    20.60,121.44
    20.60,121.32
    20.60,121.20
    20.52,121.20
    20.43,121.20
    20.34,121.20
    20.25,121.20
    20.28,121.08
    20.31,120.96
    20.34,120.84
    20.37,120.72
    20.40,120.60
    20.50,120.60
    20.60,120.60
    20.60,120.49
    20.60,120.38
    20.60,120.27
    20.60,120.16
 PATH path4282 FOUND 
14) 17.11,120.24
    17.23,120.24
    17.35,120.24
    17.47,120.24
    17.59,120.24
    17.71,120.24
    17.83,120.24
    17.95,120.24
    18.07,120.24
    18.19,120.24
    18.32,120.24
    18.44,120.24
    18.56,120.24
    18.68,120.24
    18.81,120.24
    18.93,120.24
    18.90,120.36
    18.87,120.48
    18.84,120.60
    18.81,120.72
    18.69,120.72
    18.57,120.72
    18.45,120.72
    18.33,120.72
    18.21,120.72
    18.09,120.72
    17.97,120.72
    17.85,120.72
    17.73,120.72
    17.61,120.72
    17.59,120.82
    17.57,120.92
    17.55,121.02
    17.53,121.12
    17.51,121.22
    17.63,121.22
    17.75,121.22
    17.87,121.22
    17.99,121.22
    18.11,121.22
    18.23,121.22
    18.35,121.22
    18.47,121.22
    18.59,121.22
    18.56,121.34
    18.53,121.46
    18.50,121.58
    18.47,121.70
    18.35,121.70
    18.23,121.70
    18.11,121.70
    17.99,121.70
    17.87,121.70
    17.75,121.70
    17.63,121.70
    17.51,121.70
    17.39,121.70
    17.37,121.81
    17.35,121.92
    17.33,122.03
    17.31,122.14
    17.29,122.25
    17.41,122.25
    17.53,122.25
    17.65,122.25
    17.77,122.25
    17.89,122.25
    18.01,122.25
    18.13,122.25
    18.25,122.25
    18.37,122.25
    18.49,122.25
    18.46,122.37
    18.43,122.49
    18.40,122.61
    18.37,122.73
    18.24,122.73
    18.11,122.73
    17.98,122.73
    17.85,122.73
    17.72,122.73
    17.59,122.73
    17.46,122.73
    17.33,122.73
    17.20,122.73
    17.07,122.73
    16.94,122.73
    16.81,122.73
    16.68,122.73
    16.55,122.73
    16.42,122.73
    16.45,122.61
    16.48,122.49
    16.51,122.37
    16.54,122.25
    16.57,122.13
    16.60,122.01
    16.63,121.89
    16.66,121.77
    16.69,121.65
    16.72,121.53
    16.75,121.41
    16.78,121.29
    16.81,121.17
    16.84,121.05
    16.87,120.93
    16.90,120.81
    16.93,120.69
    16.96,120.57
    16.99,120.45
    17.02,120.33
 PATH path4280 FOUND 
15) 15.14,120.23
    15.14,120.35
    15.14,120.47
    15.14,120.59
    15.14,120.71
    15.18,120.71
    15.26,120.71
    15.34,120.72
    15.41,120.73
    15.48,120.76
    15.53,120.80
    15.56,120.86
    15.57,120.95
    15.56,121.04
    15.53,121.14
    15.48,121.23
    15.42,121.29
    15.35,121.33
    15.28,121.35
    15.20,121.36
    15.16,121.36
    15.16,121.48
    15.16,121.60
    15.16,121.72
    15.16,121.84
    15.23,121.84
    15.31,121.84
    15.39,121.83
    15.48,121.82
    15.57,121.80
    15.66,121.77
    15.75,121.73
    15.81,121.70
    15.87,121.66
    15.95,121.60
    16.02,121.53
    16.10,121.43
    16.17,121.33
    16.22,121.24
    16.25,121.14
    16.27,121.04
    16.29,120.94
    16.30,120.84
    16.29,120.74
    16.26,120.64
    16.21,120.54
    16.14,120.45
    16.06,120.38
    15.99,120.34
    15.91,120.31
    15.83,120.29
    15.75,120.27
    15.67,120.26
    15.59,120.25
    15.51,120.25
    15.43,120.25
    15.34,120.25
    15.25,120.25
    15.16,120.25
 PATH path4795 FOUND 
16) 15.14,120.23
    15.02,120.23
    14.90,120.23
    14.78,120.23
    14.66,120.23
    14.54,120.23
    14.42,120.23
    14.30,120.23
    14.27,120.35
    14.24,120.47
    14.21,120.59
    14.18,120.71
    14.15,120.83
    14.12,120.95
    14.09,121.07
    14.06,121.19
    14.03,121.31
    14.00,121.43
    13.97,121.55
    13.94,121.67
    13.91,121.79
    13.88,121.91
    13.85,122.03
    13.82,122.15
    13.79,122.27
    13.76,122.39
    13.73,122.51
    13.70,122.63
    13.82,122.63
    13.94,122.63
    14.06,122.63
    14.18,122.63
    14.30,122.63
    14.42,122.63
    14.44,122.52
    14.46,122.41
    14.48,122.30
    14.50,122.19
    14.52,122.08
    14.54,121.97
    14.56,121.86
    14.58,121.75
    14.69,121.75
    14.80,121.75
    14.91,121.75
    15.02,121.75
    15.08,121.75
    15.08,121.63
    15.08,121.51
    15.08,121.39
    15.08,121.27
    14.98,121.27
    14.88,121.27
    14.78,121.27
    14.68,121.27
    14.70,121.16
    14.72,121.05
    14.74,120.94
    14.76,120.83
    14.78,120.72
    14.80,120.61
    14.89,120.61
    14.98,120.61
    15.07,120.61
    15.07,120.49
    15.07,120.37
    15.07,120.25
    15.07,120.13
 PATH path4278 FOUND 
17) 12.07,120.23
    12.07,120.33
    12.07,120.43
    12.07,120.53
    12.07,120.63
    12.07,120.73
    12.09,120.70
    12.10,120.70
    12.11,120.82
    12.12,120.94
    12.13,121.06
    12.14,121.18
    12.15,121.30
    12.16,121.42
    12.17,121.54
    12.18,121.66
    12.19,121.78
    12.06,121.78
    12.06,121.89
    12.06,122.00
    12.06,122.11
    12.06,122.22
    12.15,122.22
    12.24,122.22
    12.26,122.34
    12.28,122.47
    12.30,122.60
    12.32,122.73
    12.43,122.73
    12.54,122.73
    12.65,122.73
    12.76,122.73
    12.87,122.73
    12.98,122.73
    13.09,122.73
    13.07,122.61
    13.05,122.49
    13.03,122.37
    13.01,122.25
    12.99,122.13
    12.97,122.01
    12.95,121.89
    12.93,121.77
    12.91,121.65
    12.89,121.53
    12.87,121.41
    12.85,121.29
    12.83,121.17
    12.81,121.05
    12.79,120.93
    12.77,120.81
    12.75,120.69
    12.73,120.57
    12.71,120.45
    12.69,120.33
    12.57,120.33
    12.45,120.33
    12.33,120.33
    12.21,120.33
    12.09,120.33
 PATH path4800 FOUND 
18) 12.07,120.23
    11.98,120.23
    11.89,120.23
    11.80,120.23
    11.73,120.34
    11.66,120.45
    11.59,120.56
    11.52,120.67
    11.45,120.78
    11.38,120.89
    11.31,121.00
    11.24,121.11
    11.17,121.22
    11.10,121.33
    11.03,121.44
    10.96,121.55
    10.89,121.66
    10.82,121.77
    10.75,121.88
    10.68,121.99
    10.61,122.10
    10.54,122.21
    10.47,122.32
    10.40,122.43
    10.33,122.54
    10.26,122.65
    10.19,122.76
    10.30,122.76
    10.42,122.76
    10.54,122.76
    10.66,122.76
    10.77,122.76
    10.88,122.76
    10.94,122.66
    11.00,122.56
    11.06,122.46
    11.12,122.36
    11.18,122.26
    11.30,122.26
    11.42,122.26
    11.54,122.26
    11.66,122.26
    11.78,122.26
    11.90,122.26
    12.02,122.26
    12.02,122.15
    12.02,122.04
    12.02,121.93
    12.02,121.82
    11.91,121.82
    11.80,121.82
    11.69,121.82
    11.58,121.82
    11.47,121.82
    11.53,121.72
    11.59,121.62
    11.65,121.52
    11.70,121.42
    11.75,121.32
    11.80,121.22
    11.86,121.12
    11.91,121.02
    11.97,120.92
    12.03,120.82
    12.03,120.72
    12.03,120.62
    12.03,120.52
    12.03,120.42
    12.03,120.32
 PATH path4274 FOUND 
19) 32.84,123.47
    32.80,123.38
    32.72,123.32
    32.61,123.29
    32.55,123.28
    32.49,123.28
    32.38,123.29
    32.29,123.33
    32.23,123.39
    32.21,123.47
    32.22,123.51
    32.25,123.55
    32.30,123.58
    32.38,123.60
    32.48,123.62
    32.58,123.64
    32.68,123.66
    32.78,123.68
    32.89,123.71
    32.98,123.77
    33.03,123.85
    33.05,123.94
    33.04,124.01
    33.01,124.08
    32.97,124.14
    32.91,124.19
    32.83,124.23
    32.75,124.26
    32.64,124.28
    32.53,124.29
    32.40,124.28
    32.28,124.25
    32.17,124.20
    32.09,124.13
    32.04,124.04
    32.02,123.94
    32.10,123.94
    32.18,123.94
    32.21,124.04
    32.28,124.11
    32.39,124.15
    32.46,124.16
    32.53,124.16
    32.62,124.15
    32.71,124.13
    32.79,124.09
    32.86,124.03
    32.89,123.94
    32.85,123.85
    32.76,123.80
    32.69,123.78
    32.62,123.77
    32.54,123.76
    32.46,123.75
    32.38,123.74
    32.30,123.73
    32.23,123.71
    32.16,123.68
    32.11,123.64
    32.07,123.59
    32.04,123.52
    32.03,123.45
    32.04,123.38
    32.06,123.31
    32.10,123.25
    32.15,123.20
    32.22,123.16
    32.30,123.14
    32.40,123.12
    32.50,123.11
    32.59,123.11
    32.67,123.12
    32.75,123.14
    32.82,123.17
    32.88,123.21
    32.93,123.27
    32.97,123.34
    32.98,123.42
    32.90,123.42
    32.82,123.42
ERROR
 PATH path4272 FOUND 
20) 30.35,123.19
    30.47,123.19
    30.59,123.19
    30.71,123.19
    30.83,123.19
    30.95,123.19
    31.07,123.19
    31.19,123.19
    31.19,123.31
    31.08,123.31
    30.97,123.31
    30.86,123.31
    30.75,123.31
    30.64,123.31
    30.53,123.31
    30.53,123.42
    30.53,123.53
    30.53,123.64
    30.65,123.64
    30.77,123.64
    30.89,123.64
    31.01,123.64
    31.13,123.64
    31.13,123.76
    31.01,123.76
    30.89,123.76
    30.77,123.76
    30.65,123.76
    30.53,123.76
    30.53,123.88
    30.53,124.00
    30.53,124.12
    30.64,124.12
    30.75,124.12
    30.86,124.12
    30.97,124.12
    31.08,124.12
    31.19,124.12
    31.19,124.24
    31.07,124.24
    30.95,124.24
    30.83,124.24
    30.71,124.24
    30.59,124.24
    30.47,124.24
    30.35,124.24
    30.35,124.12
    30.35,124.00
    30.35,123.88
    30.35,123.76
    30.35,123.64
    30.35,123.52
    30.35,123.40
    30.35,123.28
    30.35,123.16
ERROR
 PATH path4270 FOUND 
21) 29.29,123.19
    29.37,123.19
    29.45,123.19
    29.45,123.31
    29.45,123.43
    29.45,123.55
    29.45,123.67
    29.45,123.79
    29.45,123.91
    29.45,124.03
    29.45,124.15
    29.45,124.27
    29.37,124.27
    29.29,124.27
    29.29,124.15
    29.29,124.03
    29.29,123.91
    29.29,123.79
    29.29,123.67
    29.29,123.55
    29.29,123.43
    29.29,123.31
    29.29,123.19
 PATH path4268 FOUND 
22) 27.78,123.19
    27.78,123.31
    27.88,123.31
    27.98,123.31
    28.09,123.32
    28.19,123.35
    28.24,123.41
    28.25,123.49
    28.23,123.58
    28.18,123.63
    28.09,123.66
    27.98,123.67
    27.88,123.67
    27.78,123.67
    27.78,123.79
    27.85,123.79
    27.92,123.79
    27.98,123.79
    28.04,123.80
    28.12,123.83
    28.17,123.87
    28.19,123.92
    28.21,124.01
    28.23,124.11
    28.25,124.20
    28.27,124.27
    28.35,124.27
    28.43,124.27
    28.41,124.21
    28.40,124.15
    28.39,124.07
    28.38,123.99
    28.35,123.87
    28.31,123.79
    28.25,123.75
    28.16,123.73
ERROR
    28.26,123.70
    28.34,123.64
    28.39,123.56
    28.41,123.47
    28.39,123.35
    28.33,123.26
    28.27,123.22
    28.20,123.20
    28.10,123.18
    28.00,123.18
    27.89,123.18
    27.78,123.18
 PATH path4815 FOUND 
23) 27.78,123.19
    27.67,123.19
    27.56,123.19
    27.45,123.19
    27.45,123.31
    27.45,123.43
    27.45,123.55
    27.45,123.67
    27.45,123.79
    27.45,123.91
    27.45,124.03
    27.45,124.15
    27.45,124.27
    27.53,124.27
    27.61,124.27
    27.61,124.15
    27.61,124.03
    27.61,123.91
    27.61,123.79
    27.69,123.79
    27.77,123.79
    27.77,123.67
    27.69,123.67
    27.61,123.67
    27.61,123.55
    27.61,123.43
    27.61,123.31
    27.69,123.31
    27.77,123.31
    27.77,123.19
 PATH path4266 FOUND 
24) 25.93,123.16
    25.93,123.29
    25.99,123.28
    26.08,123.29
    26.17,123.31
    26.25,123.35
    26.32,123.40
    26.37,123.47
    26.41,123.55
    26.44,123.64
    26.45,123.73
    26.44,123.82
    26.41,123.91
    26.37,123.99
    26.32,124.06
    26.25,124.11
    26.17,124.15
    26.08,124.17
    25.99,124.18
    25.93,124.17
    25.93,124.30
    25.98,124.31
    26.08,124.30
    26.18,124.28
    26.27,124.25
    26.37,124.19
    26.46,124.11
    26.52,124.02
    26.56,123.92
    26.58,123.82
    26.59,123.72
    26.59,123.65
    26.58,123.58
    26.56,123.51
    26.53,123.45
    26.49,123.39
    26.45,123.33
    26.40,123.28
    26.34,123.24
    26.26,123.20
    26.18,123.17
    26.08,123.15
    25.98,123.14
    25.93,123.15
 PATH path4820 FOUND 
25) 25.93,123.16
    25.85,123.17
    25.77,123.18
    25.69,123.21
    25.61,123.25
    25.55,123.29
    25.50,123.34
    25.46,123.40
    25.42,123.46
    25.39,123.52
    25.37,123.59
    25.36,123.66
    25.36,123.73
    25.37,123.83
    25.39,123.93
    25.43,124.03
    25.49,124.12
    25.58,124.20
    25.68,124.26
    25.80,124.29
    25.92,124.30
    25.92,124.17
    25.86,124.16
    25.80,124.14
    25.72,124.10
    25.65,124.05
    25.60,123.98
    25.56,123.90
    25.53,123.81
    25.52,123.72
    25.53,123.63
    25.56,123.54
    25.60,123.46
    25.65,123.39
    25.72,123.34
    25.80,123.30
    25.86,123.28
    25.92,123.27
    25.92,123.14
 PATH path4264 FOUND 
26) 24.05,123.32
    23.93,123.32
    23.81,123.32
    23.69,123.32
    23.57,123.32
    23.57,123.25
    23.57,123.18
    23.69,123.18
    23.81,123.18
    23.93,123.18
    24.05,123.18
    24.17,123.18
    24.29,123.18
    24.41,123.18
    24.53,123.18
    24.65,123.18
    24.65,123.25
    24.65,123.32
    24.53,123.32
    24.41,123.32
    24.29,123.32
    24.17,123.32
    24.17,123.44
    24.17,123.56
    24.17,123.68
    24.17,123.80
    24.17,123.92
    24.17,124.04
    24.17,124.16
    24.17,124.28
    24.09,124.28
    24.01,124.28
    24.01,124.16
    24.01,124.04
    24.01,123.92
    24.01,123.80
    24.01,123.68
    24.01,123.56
    24.01,123.44
    24.01,123.32
ERROR
 PATH path4262 FOUND 
27) 22.31,123.19
    22.31,123.29
    22.31,123.40
    22.31,123.50
    22.36,123.41
    22.41,123.32
    22.46,123.43
    22.51,123.54
    22.56,123.65
    22.61,123.76
    22.66,123.87
    22.54,123.87
    22.42,123.87
    22.30,123.87
    22.30,123.99
    22.41,123.99
    22.52,123.99
    22.63,123.99
    22.74,123.99
    22.79,124.08
    22.84,124.17
    22.89,124.26
    22.98,124.26
    23.07,124.26
    23.01,124.15
    22.95,124.04
    22.89,123.93
    22.83,123.82
    22.77,123.71
    22.71,123.60
    22.65,123.49
    22.59,123.38
    22.53,123.27
    22.47,123.16
    22.38,123.16
    22.29,123.16
ERROR
 PATH path4825 FOUND 
28) 22.31,123.19
    22.25,123.30
    22.19,123.41
    22.13,123.52
    22.07,123.63
    22.01,123.74
    21.95,123.85
    21.89,123.96
    21.83,124.07
    21.77,124.18
    21.71,124.29
    21.80,124.29
    21.89,124.29
    21.94,124.20
    21.99,124.11
    22.04,124.02
    22.16,124.02
    22.28,124.02
    22.28,123.90
    22.19,123.90
    22.10,123.90
    22.15,123.81
    22.20,123.72
    22.25,123.63
    22.30,123.54
    22.30,123.44
    22.30,123.33
    22.30,123.23
 PATH path4260 FOUND 
29) 20.43,123.19
    20.43,123.31
    20.50,123.31
    20.57,123.31
    20.68,123.32
    20.78,123.35
    20.83,123.41
    20.84,123.49
    20.82,123.58
    20.77,123.63
    20.68,123.66
    20.57,123.67
    20.50,123.67
    20.43,123.67
    20.43,123.79
    20.51,123.79
    20.57,123.79
    20.63,123.80
    20.71,123.83
    20.76,123.87
    20.78,123.92
    20.80,124.01
    20.82,124.11
    20.84,124.20
    20.86,124.27
    20.94,124.27
    21.02,124.27
    21.00,124.21
    20.99,124.15
    20.98,124.07
    20.97,123.99
    20.94,123.87
    20.90,123.79
    20.84,123.75
    20.75,123.73
ERROR
    20.85,123.70
    20.93,123.64
    20.98,123.56
    21.00,123.47
    20.98,123.35
    20.92,123.26
    20.86,123.22
    20.79,123.20
    20.69,123.18
    20.59,123.18
    20.51,123.18
    20.43,123.18
 PATH path4830 FOUND 
30) 20.43,123.19
    20.33,123.19
    20.23,123.19
    20.13,123.19
    20.03,123.19
    20.03,123.31
    20.03,123.43
    20.03,123.55
    20.03,123.67
    20.03,123.79
    20.03,123.91
    20.03,124.03
    20.03,124.15
    20.03,124.27
    20.11,124.27
    20.19,124.27
    20.19,124.15
    20.19,124.03
    20.19,123.91
    20.19,123.79
    20.30,123.79
    20.41,123.79
    20.41,123.67
    20.30,123.67
    20.19,123.67
    20.19,123.55
    20.19,123.43
    20.19,123.31
    20.30,123.31
    20.41,123.31
    20.41,123.19
 PATH path4258 FOUND 
31) 18.51,123.17
    18.51,123.30
    18.57,123.29
    18.66,123.30
    18.75,123.32
    18.83,123.36
    18.90,123.41
    18.95,123.48
    18.99,123.56
    19.02,123.65
    19.03,123.74
    19.02,123.83
    18.99,123.92
    18.95,124.00
    18.90,124.07
    18.83,124.12
    18.75,124.16
    18.66,124.18
    18.57,124.19
    18.51,124.18
    18.51,124.24
    18.51,124.30
    18.57,124.31
    18.67,124.30
    18.77,124.28
    18.86,124.25
    18.96,124.19
    19.05,124.11
    19.11,124.02
    19.15,123.92
    19.17,123.82
    19.18,123.72
    19.18,123.65
    19.17,123.58
    19.15,123.51
    19.12,123.45
    19.08,123.39
    19.04,123.33
    18.99,123.28
    18.93,123.24
    18.85,123.20
    18.77,123.17
    18.67,123.15
    18.57,123.14
    18.51,123.15
 PATH path4835 FOUND 
32) 18.51,123.17
    18.44,123.18
    18.37,123.19
    18.29,123.22
    18.21,123.26
    18.15,123.30
    18.10,123.35
    18.06,123.41
    18.02,123.47
    17.99,123.53
    17.97,123.60
    17.96,123.67
    17.96,123.74
    17.97,123.84
    17.99,123.94
    18.03,124.04
    18.09,124.13
    18.18,124.21
    18.28,124.27
    18.39,124.30
    18.51,124.31
    18.51,124.25
    18.51,124.19
    18.39,124.17
    18.31,124.13
    18.24,124.08
    18.19,124.01
    18.15,123.93
    18.12,123.84
    18.11,123.75
    18.12,123.66
    18.15,123.57
    18.19,123.49
    18.24,123.42
    18.31,123.37
    18.39,123.33
    18.51,123.31
    18.51,123.18
 PATH path4256 FOUND 
33) 16.57,123.19
    16.57,123.31
    16.67,123.31
    16.74,123.31
    16.81,123.32
    16.89,123.35
    16.93,123.40
    16.94,123.47
    16.93,123.54
    16.89,123.60
    16.81,123.63
    16.73,123.64
    16.65,123.64
    16.57,123.64
    16.57,123.76
    16.69,123.76
    16.80,123.77
    16.90,123.81
    16.95,123.87
    16.97,123.95
    16.96,124.02
    16.92,124.08
    16.84,124.12
    16.77,124.13
    16.70,124.13
    16.57,124.13
    16.57,124.25
    16.64,124.25
    16.71,124.25
    16.81,124.24
    16.90,124.22
    16.97,124.19
    17.03,124.15
    17.10,124.05
    17.12,123.93
    17.10,123.84
    17.05,123.76
    16.97,123.70
    16.86,123.67
    16.86,123.66
    16.95,123.63
    17.03,123.58
    17.07,123.51
    17.08,123.42
    17.06,123.30
    16.99,123.21
    16.93,123.18
    16.86,123.16
    16.76,123.15
    16.66,123.15
    16.55,123.15
 PATH path4840 FOUND 
34) 16.57,123.19
    16.47,123.19
    16.37,123.19
    16.27,123.19
    16.17,123.19
    16.17,123.31
    16.17,123.43
    16.17,123.55
    16.17,123.67
    16.17,123.79
    16.17,123.91
    16.17,124.03
    16.17,124.15
    16.17,124.27
    16.27,124.27
    16.37,124.27
    16.47,124.27
    16.57,124.27
    16.57,124.15
    16.44,124.15
    16.31,124.15
    16.31,124.02
    16.31,123.89
    16.31,123.76
    16.44,123.76
    16.57,123.76
    16.57,123.64
    16.44,123.64
    16.31,123.64
    16.31,123.53
    16.31,123.42
    16.31,123.31
    16.44,123.31
    16.57,123.31
    16.57,123.19
 PATH path4254 FOUND 
35) 14.73,123.19
    14.73,123.27
    14.73,123.35
    14.74,123.33
    14.79,123.44
    14.84,123.55
    14.89,123.66
    14.94,123.77
    14.99,123.88
    14.90,123.88
    14.80,123.88
    14.70,123.88
    14.70,124.00
    14.82,124.00
    14.94,124.00
    15.06,124.00
    15.11,124.09
    15.16,124.18
    15.21,124.27
    15.30,124.27
    15.39,124.27
    15.33,124.16
    15.27,124.05
    15.21,123.94
    15.15,123.83
    15.09,123.72
    15.03,123.61
    14.97,123.50
    14.91,123.39
    14.85,123.28
    14.79,123.17
    14.69,123.17
 PATH path4845 FOUND 
36) 14.73,123.19
    14.65,123.19
    14.59,123.30
    14.53,123.41
    14.47,123.52
    14.41,123.63
    14.35,123.74
    14.29,123.85
    14.23,123.96
    14.17,124.07
    14.11,124.18
    14.05,124.29
    14.14,124.29
    14.23,124.29
    14.28,124.20
    14.33,124.11
    14.38,124.02
    14.49,124.02
    14.60,124.02
    14.71,124.02
    14.71,123.90
    14.62,123.90
    14.53,123.90
    14.44,123.90
    14.49,123.80
    14.54,123.70
    14.59,123.60
    14.64,123.50
    14.69,123.40
    14.69,123.32
    14.69,123.24
 PATH path4252 FOUND 
37) 12.64,123.20
    12.72,123.20
    12.80,123.20
    12.80,123.32
    12.80,123.44
    12.80,123.56
    12.80,123.68
    12.80,123.80
    12.80,123.92
    12.80,124.04
    12.80,124.16
    12.92,124.16
    13.04,124.16
    13.16,124.16
    13.28,124.16
    13.40,124.16
    13.40,124.28
    13.29,124.28
    13.18,124.28
    13.07,124.28
    12.96,124.28
    12.85,124.28
    12.74,124.28
    12.63,124.28
    12.63,124.16
    12.63,124.04
    12.63,123.92
    12.63,123.80
    12.63,123.68
    12.63,123.56
    12.63,123.44
    12.63,123.32
    12.63,123.20

Object origin:
14.240000 3.545000

Eagle Command:
set wire_bend 2;
change layer tDocu;
set width 0;
poly (R -13.080000 2.455000) (R -13.010000 2.525000) (R -12.940000 2.595000) (R -12.850000 2.675000) (R -12.760000 2.745000) (R -12.670000 2.815000) (R -12.580000 2.885000) (R -12.480000 2.955000) (R -12.380000 3.015000) (R -12.280000 3.075000) (R -12.180000 3.125000) (R -12.080000 3.055000) (R -11.980000 2.985000) (R -11.880000 2.915000) (R -11.780000 2.845000) (R -11.680000 2.775000) (R -11.580000 2.705000) (R -11.480000 2.635000) (R -11.380000 2.565000) (R -11.280000 2.495000) (R -11.180000 2.425000) (R -11.080000 2.355000) (R -10.980000 2.285000) (R -10.880000 2.215000) (R -10.780000 2.145000) (R -10.680000 2.075000) (R -10.580000 2.005000) (R -10.700000 1.985000) (R -10.820000 1.965000) (R -10.940000 1.945000) (R -11.060000 1.925000) (R -11.180000 1.905000) (R -11.300000 1.885000) (R -11.420000 1.865000) (R -11.540000 1.845000) (R -11.660000 1.825000) (R -11.780000 1.805000) (R -11.900000 1.785000) (R -12.020000 1.765000) (R -12.140000 1.745000) (R -12.260000 1.725000) (R -12.380000 1.705000) (R -12.500000 1.685000) (R -12.620000 1.665000) (R -12.740000 1.645000) (R -12.860000 1.625000) (R -12.980000 1.605000) (R -13.100000 1.585000) (R -13.220000 1.565000) (R -13.340000 1.545000) (R -13.460000 1.525000) (R -13.580000 1.505000) (R -13.700000 1.485000) (R -13.820000 1.465000) (R -13.940000 1.445000) (R -13.890000 1.555000) (R -13.840000 1.665000) (R -13.790000 1.775000) (R -13.730000 1.875000) (R -13.670000 1.975000) (R -13.600000 2.075000) (R -13.530000 2.175000) (R -13.460000 2.275000) (R -13.390000 2.365000) (R -13.310000 2.455000) (R -13.230000 2.545000) (R -13.080000 2.455000);
poly (R -10.620000 -3.545000) (R -10.740000 -3.535000) (R -10.860000 -3.525000) (R -10.980000 -3.515000) (R -11.100000 -3.495000) (R -11.220000 -3.475000) (R -11.340000 -3.455000) (R -11.450000 -3.425000) (R -11.560000 -3.385000) (R -11.580000 -3.265000) (R -11.600000 -3.145000) (R -11.620000 -3.025000) (R -11.640000 -2.905000) (R -11.660000 -2.785000) (R -11.680000 -2.665000) (R -11.700000 -2.545000) (R -11.720000 -2.425000) (R -11.740000 -2.305000) (R -11.760000 -2.185000) (R -11.780000 -2.065000) (R -11.800000 -1.945000) (R -11.820000 -1.825000) (R -11.840000 -1.705000) (R -11.860000 -1.585000) (R -11.880000 -1.465000) (R -11.770000 -1.535000) (R -11.660000 -1.605000) (R -11.560000 -1.675000) (R -11.450000 -1.745000) (R -11.340000 -1.815000) (R -11.230000 -1.885000) (R -11.130000 -1.955000) (R -11.020000 -2.025000) (R -10.910000 -2.095000) (R -10.810000 -2.165000) (R -10.700000 -2.235000) (R -10.600000 -2.305000) (R -10.500000 -2.375000) (R -10.400000 -2.445000) (R -10.300000 -2.515000) (R -10.200000 -2.585000) (R -10.090000 -2.655000) (R -9.990000 -2.725000) (R -9.890000 -2.795000) (R -9.790000 -2.865000) (R -9.690000 -2.935000) (R -9.590000 -3.005000) (R -9.490000 -3.075000) (R -9.390000 -3.145000) (R -9.290000 -3.215000) (R -9.190000 -3.285000) (R -9.310000 -3.325000) (R -9.430000 -3.365000) (R -9.550000 -3.405000) (R -9.670000 -3.435000) (R -9.790000 -3.465000) (R -9.910000 -3.485000) (R -10.030000 -3.505000) (R -10.160000 -3.525000) (R -10.290000 -3.535000) (R -10.420000 -3.545000) (R -10.530000 -3.545000) (R -10.630000 -3.545000) (R -10.620000 -3.545000);
poly (R -10.620000 3.545000) (R -10.520000 3.545000) (R -10.410000 3.545000) (R -10.290000 3.535000) (R -10.170000 3.525000) (R -10.050000 3.515000) (R -9.930000 3.495000) (R -9.810000 3.475000) (R -9.690000 3.445000) (R -9.570000 3.415000) (R -9.460000 3.375000) (R -9.440000 3.255000) (R -9.420000 3.135000) (R -9.400000 3.015000) (R -9.380000 2.895000) (R -9.360000 2.775000) (R -9.340000 2.655000) (R -9.320000 2.535000) (R -9.300000 2.415000) (R -9.280000 2.295000) (R -9.260000 2.175000) (R -9.240000 2.055000) (R -9.220000 1.935000) (R -9.200000 1.815000) (R -9.180000 1.695000) (R -9.160000 1.575000) (R -9.140000 1.455000) (R -9.240000 1.525000) (R -9.340000 1.595000) (R -9.440000 1.665000) (R -9.540000 1.735000) (R -9.640000 1.805000) (R -9.740000 1.875000) (R -9.840000 1.945000) (R -9.940000 2.015000) (R -10.040000 2.085000) (R -10.140000 2.155000) (R -10.240000 2.225000) (R -10.340000 2.295000) (R -10.440000 2.365000) (R -10.540000 2.435000) (R -10.640000 2.505000) (R -10.740000 2.575000) (R -10.840000 2.645000) (R -10.940000 2.715000) (R -11.040000 2.785000) (R -11.140000 2.855000) (R -11.240000 2.925000) (R -11.340000 2.995000) (R -11.440000 3.065000) (R -11.540000 3.135000) (R -11.640000 3.205000) (R -11.740000 3.275000) (R -11.630000 3.315000) (R -11.510000 3.355000) (R -11.390000 3.385000) (R -11.270000 3.415000) (R -11.150000 3.445000) (R -11.030000 3.465000) (R -10.910000 3.485000) (R -10.790000 3.495000) (R -10.670000 3.505000) (R -10.550000 3.515000) (R -10.620000 3.545000);
poly (R -7.250000 -1.355000) (R -7.240000 -1.355000) (R -7.290000 -1.465000) (R -7.340000 -1.575000) (R -7.400000 -1.685000) (R -7.460000 -1.795000) (R -7.520000 -1.895000) (R -7.590000 -1.995000) (R -7.660000 -2.095000) (R -7.730000 -2.195000) (R -7.810000 -2.285000) (R -7.890000 -2.375000) (R -7.970000 -2.465000) (R -8.060000 -2.555000) (R -8.150000 -2.635000) (R -8.240000 -2.715000) (R -8.330000 -2.795000) (R -8.430000 -2.865000) (R -8.530000 -2.935000) (R -8.630000 -3.005000) (R -8.730000 -3.065000) (R -8.840000 -3.125000) (R -8.950000 -3.055000) (R -9.060000 -2.985000) (R -9.170000 -2.915000) (R -9.280000 -2.845000) (R -9.390000 -2.775000) (R -9.500000 -2.705000) (R -9.610000 -2.635000) (R -9.720000 -2.565000) (R -9.830000 -2.495000) (R -9.940000 -2.425000) (R -10.050000 -2.355000) (R -10.160000 -2.285000) (R -10.270000 -2.215000) (R -10.380000 -2.145000) (R -10.480000 -2.075000) (R -10.580000 -2.005000) (R -10.450000 -1.985000) (R -10.320000 -1.965000) (R -10.190000 -1.945000) (R -10.060000 -1.925000) (R -9.930000 -1.905000) (R -9.800000 -1.885000) (R -9.670000 -1.865000) (R -9.540000 -1.845000) (R -9.410000 -1.825000) (R -9.280000 -1.805000) (R -9.150000 -1.785000) (R -9.020000 -1.765000) (R -8.890000 -1.745000) (R -8.760000 -1.725000) (R -8.630000 -1.705000) (R -8.500000 -1.685000) (R -8.370000 -1.665000) (R -8.240000 -1.645000) (R -8.110000 -1.625000) (R -7.980000 -1.605000) (R -7.850000 -1.585000) (R -7.720000 -1.565000) (R -7.590000 -1.545000) (R -7.460000 -1.525000) (R -7.330000 -1.505000) (R -7.200000 -1.485000) (R -7.250000 -1.355000);
poly (R -12.480000 0.015000) (R -12.460000 -0.105000) (R -12.440000 -0.225000) (R -12.420000 -0.345000) (R -12.400000 -0.465000) (R -12.380000 -0.585000) (R -12.360000 -0.705000) (R -12.340000 -0.825000) (R -12.320000 -0.945000) (R -12.300000 -1.065000) (R -12.280000 -1.185000) (R -12.260000 -1.305000) (R -12.240000 -1.425000) (R -12.220000 -1.545000) (R -12.200000 -1.665000) (R -12.180000 -1.785000) (R -12.160000 -1.905000) (R -12.140000 -2.025000) (R -12.120000 -2.145000) (R -12.100000 -2.265000) (R -12.080000 -2.385000) (R -12.060000 -2.505000) (R -12.040000 -2.625000) (R -12.020000 -2.745000) (R -12.000000 -2.865000) (R -11.980000 -2.985000) (R -11.960000 -3.105000) (R -11.940000 -3.225000) (R -11.920000 -3.345000) (R -12.030000 -3.295000) (R -12.140000 -3.245000) (R -12.250000 -3.185000) (R -12.360000 -3.125000) (R -12.470000 -3.055000) (R -12.570000 -2.985000) (R -12.670000 -2.915000) (R -12.770000 -2.835000) (R -12.870000 -2.755000) (R -12.960000 -2.675000) (R -13.050000 -2.585000) (R -13.140000 -2.495000) (R -13.220000 -2.405000) (R -13.300000 -2.305000) (R -13.380000 -2.205000) (R -13.450000 -2.105000) (R -13.520000 -2.005000) (R -13.590000 -1.895000) (R -13.650000 -1.785000) (R -13.580000 -1.685000) (R -13.510000 -1.585000) (R -13.440000 -1.485000) (R -13.370000 -1.385000) (R -13.300000 -1.285000) (R -13.230000 -1.185000) (R -13.160000 -1.085000) (R -13.090000 -0.985000) (R -13.020000 -0.885000) (R -12.950000 -0.785000) (R -12.880000 -0.685000) (R -12.810000 -0.585000) (R -12.740000 -0.485000) (R -12.670000 -0.385000) (R -12.600000 -0.285000) (R -12.530000 -0.185000) (R -12.460000 -0.085000) (R -12.480000 0.015000);
poly (R -14.060000 -0.105000) (R -14.060000 -0.005000) (R -14.060000 0.105000) (R -14.050000 0.225000) (R -14.040000 0.345000) (R -14.030000 0.455000) (R -14.010000 0.565000) (R -13.990000 0.675000) (R -13.970000 0.785000) (R -13.940000 0.895000) (R -13.910000 1.005000) (R -13.790000 1.025000) (R -13.670000 1.045000) (R -13.550000 1.065000) (R -13.430000 1.085000) (R -13.310000 1.105000) (R -13.190000 1.125000) (R -13.070000 1.145000) (R -12.950000 1.165000) (R -12.830000 1.185000) (R -12.710000 1.205000) (R -12.590000 1.225000) (R -12.470000 1.245000) (R -12.350000 1.265000) (R -12.230000 1.285000) (R -12.110000 1.305000) (R -11.990000 1.325000) (R -12.060000 1.225000) (R -12.130000 1.125000) (R -12.200000 1.025000) (R -12.270000 0.925000) (R -12.340000 0.825000) (R -12.410000 0.725000) (R -12.480000 0.625000) (R -12.550000 0.525000) (R -12.620000 0.425000) (R -12.690000 0.325000) (R -12.760000 0.225000) (R -12.830000 0.125000) (R -12.900000 0.025000) (R -12.970000 -0.075000) (R -13.040000 -0.175000) (R -13.110000 -0.275000) (R -13.180000 -0.375000) (R -13.250000 -0.475000) (R -13.320000 -0.575000) (R -13.390000 -0.675000) (R -13.460000 -0.775000) (R -13.530000 -0.875000) (R -13.600000 -0.975000) (R -13.670000 -1.075000) (R -13.740000 -1.175000) (R -13.810000 -1.275000) (R -13.880000 -1.375000) (R -13.950000 -1.475000) (R -14.000000 -1.365000) (R -14.040000 -1.255000) (R -14.080000 -1.145000) (R -14.110000 -1.035000) (R -14.140000 -0.915000) (R -14.170000 -0.795000) (R -14.190000 -0.675000) (R -14.210000 -0.555000) (R -14.220000 -0.435000) (R -14.230000 -0.315000) (R -14.240000 -0.195000) (R -14.060000 -0.105000);
poly (R -9.130000 3.255000) (R -9.020000 3.205000) (R -8.910000 3.155000) (R -8.800000 3.095000) (R -8.690000 3.035000) (R -8.580000 2.965000) (R -8.480000 2.895000) (R -8.380000 2.825000) (R -8.280000 2.745000) (R -8.180000 2.665000) (R -8.090000 2.585000) (R -8.000000 2.495000) (R -7.910000 2.405000) (R -7.830000 2.315000) (R -7.750000 2.215000) (R -7.670000 2.115000) (R -7.600000 2.015000) (R -7.530000 1.915000) (R -7.460000 1.805000) (R -7.400000 1.695000) (R -7.470000 1.595000) (R -7.540000 1.495000) (R -7.610000 1.395000) (R -7.680000 1.295000) (R -7.750000 1.195000) (R -7.820000 1.095000) (R -7.890000 0.995000) (R -7.960000 0.895000) (R -8.030000 0.795000) (R -8.100000 0.695000) (R -8.170000 0.595000) (R -8.240000 0.495000) (R -8.310000 0.395000) (R -8.380000 0.295000) (R -8.450000 0.195000) (R -8.520000 0.095000) (R -8.540000 0.215000) (R -8.560000 0.335000) (R -8.580000 0.455000) (R -8.600000 0.575000) (R -8.620000 0.695000) (R -8.640000 0.815000) (R -8.660000 0.935000) (R -8.680000 1.055000) (R -8.700000 1.175000) (R -8.720000 1.295000) (R -8.740000 1.415000) (R -8.760000 1.535000) (R -8.780000 1.655000) (R -8.800000 1.775000) (R -8.820000 1.895000) (R -8.840000 2.015000) (R -8.860000 2.135000) (R -8.880000 2.255000) (R -8.900000 2.375000) (R -8.920000 2.495000) (R -8.940000 2.615000) (R -8.960000 2.735000) (R -8.980000 2.855000) (R -9.000000 2.975000) (R -9.020000 3.095000) (R -9.040000 3.215000) (R -9.130000 3.255000);
poly (R 12.420000 1.415000) (R 12.540000 1.415000) (R 12.660000 1.415000) (R 12.780000 1.415000) (R 12.900000 1.415000) (R 13.020000 1.415000) (R 13.140000 1.415000) (R 13.260000 1.415000) (R 13.380000 1.415000) (R 13.500000 1.415000) (R 13.630000 1.415000) (R 13.750000 1.415000) (R 13.870000 1.415000) (R 13.990000 1.415000) (R 14.120000 1.415000) (R 14.240000 1.415000) (R 14.220000 1.295000) (R 14.190000 1.175000) (R 14.160000 1.055000) (R 14.130000 0.935000) (R 14.010000 0.935000) (R 13.890000 0.935000) (R 13.770000 0.935000) (R 13.650000 0.935000) (R 13.530000 0.935000) (R 13.410000 0.935000) (R 13.290000 0.935000) (R 13.170000 0.935000) (R 13.050000 0.935000) (R 12.930000 0.935000) (R 12.910000 0.835000) (R 12.890000 0.735000) (R 12.870000 0.635000) (R 12.850000 0.535000) (R 12.830000 0.435000) (R 12.950000 0.435000) (R 13.070000 0.435000) (R 13.190000 0.435000) (R 13.310000 0.435000) (R 13.430000 0.435000) (R 13.550000 0.435000) (R 13.670000 0.435000) (R 13.790000 0.435000) (R 13.910000 0.435000) (R 13.880000 0.315000) (R 13.850000 0.195000) (R 13.820000 0.075000) (R 13.790000 -0.045000) (R 13.670000 -0.045000) (R 13.550000 -0.045000) (R 13.430000 -0.045000) (R 13.310000 -0.045000) (R 13.190000 -0.045000) (R 13.070000 -0.045000) (R 12.950000 -0.045000) (R 12.830000 -0.045000) (R 12.710000 -0.045000) (R 12.690000 -0.155000) (R 12.670000 -0.265000) (R 12.650000 -0.375000) (R 12.630000 -0.485000) (R 12.610000 -0.595000) (R 12.730000 -0.595000) (R 12.850000 -0.595000) (R 12.970000 -0.595000) (R 13.090000 -0.595000) (R 13.210000 -0.595000) (R 13.330000 -0.595000) (R 13.450000 -0.595000) (R 13.570000 -0.595000) (R 13.690000 -0.595000) (R 13.810000 -0.595000) (R 13.780000 -0.715000) (R 13.750000 -0.835000) (R 13.720000 -0.955000) (R 13.690000 -1.075000) (R 13.560000 -1.075000) (R 13.430000 -1.075000) (R 13.300000 -1.075000) (R 13.170000 -1.075000) (R 13.040000 -1.075000) (R 12.910000 -1.075000) (R 12.780000 -1.075000) (R 12.650000 -1.075000) (R 12.520000 -1.075000) (R 12.390000 -1.075000) (R 12.260000 -1.075000) (R 12.130000 -1.075000) (R 12.000000 -1.075000) (R 11.870000 -1.075000) (R 11.740000 -1.075000) (R 11.770000 -0.955000) (R 11.800000 -0.835000) (R 11.830000 -0.715000) (R 11.860000 -0.595000) (R 11.890000 -0.475000) (R 11.920000 -0.355000) (R 11.950000 -0.235000) (R 11.980000 -0.115000) (R 12.010000 0.005000) (R 12.040000 0.125000) (R 12.070000 0.245000) (R 12.100000 0.365000) (R 12.130000 0.485000) (R 12.160000 0.605000) (R 12.190000 0.725000) (R 12.220000 0.845000) (R 12.250000 0.965000) (R 12.280000 1.085000) (R 12.310000 1.205000) (R 12.340000 1.325000) (R 12.420000 1.415000);
poly (R 10.300000 1.425000) (R 10.300000 1.315000) (R 10.300000 1.205000) (R 10.300000 1.095000) (R 10.300000 0.985000) (R 10.350000 0.985000) (R 10.430000 0.985000) (R 10.510000 0.985000) (R 10.580000 0.975000) (R 10.650000 0.955000) (R 10.710000 0.915000) (R 10.750000 0.865000) (R 10.770000 0.775000) (R 10.760000 0.685000) (R 10.740000 0.615000) (R 10.700000 0.535000) (R 10.630000 0.455000) (R 10.530000 0.405000) (R 10.420000 0.385000) (R 10.320000 0.385000) (R 10.320000 0.265000) (R 10.320000 0.145000) (R 10.320000 0.025000) (R 10.320000 -0.095000) (R 10.350000 -0.095000) (R 10.430000 -0.165000) (R 10.450000 -0.225000) (R 10.450000 -0.285000) (R 10.440000 -0.385000) (R 10.430000 -0.485000) (R 10.420000 -0.585000) (R 10.410000 -0.685000) (R 10.400000 -0.785000) (R 10.390000 -0.915000) (R 10.390000 -1.045000) (R 10.510000 -1.045000) (R 10.640000 -1.045000) (R 10.760000 -1.045000) (R 10.890000 -1.045000) (R 11.010000 -1.045000) (R 11.130000 -1.045000) (R 11.120000 -0.975000) (R 11.120000 -0.905000) (R 11.120000 -0.825000) (R 11.120000 -0.745000) (R 11.120000 -0.665000) (R 11.120000 -0.585000) (R 11.130000 -0.515000) (R 11.140000 -0.445000) (R 11.150000 -0.315000) (R 11.150000 -0.185000) (R 11.140000 -0.085000) (R 11.110000 0.005000) (R 11.050000 0.075000) (R 10.970000 0.125000) (R 10.880000 0.155000) (R 10.790000 0.165000) (R 10.700000 0.175000) (R 10.700000 0.185000) (R 10.780000 0.195000) (R 10.860000 0.215000) (R 10.940000 0.235000) (R 11.020000 0.265000) (R 11.100000 0.305000) (R 11.200000 0.365000) (R 11.250000 0.405000) (R 11.290000 0.455000) (R 11.330000 0.515000) (R 11.370000 0.585000) (R 11.400000 0.675000) (R 11.420000 0.765000) (R 11.430000 0.855000) (R 11.440000 0.945000) (R 11.440000 1.015000) (R 11.430000 1.085000) (R 11.400000 1.185000) (R 11.360000 1.255000) (R 11.320000 1.305000) (R 11.270000 1.345000) (R 11.200000 1.375000) (R 11.130000 1.395000) (R 11.030000 1.415000) (R 10.930000 1.425000) (R 10.830000 1.425000) (R 10.730000 1.425000) (R 10.630000 1.425000) (R 10.520000 1.425000) (R 10.410000 1.425000) (R 10.300000 1.425000) (R 10.300000 1.425000);
poly (R 10.300000 1.425000) (R 10.180000 1.425000) (R 10.060000 1.425000) (R 9.940000 1.425000) (R 9.820000 1.425000) (R 9.700000 1.425000) (R 9.580000 1.425000) (R 9.460000 1.425000) (R 9.430000 1.305000) (R 9.400000 1.185000) (R 9.370000 1.065000) (R 9.340000 0.945000) (R 9.310000 0.825000) (R 9.280000 0.705000) (R 9.250000 0.585000) (R 9.220000 0.465000) (R 9.190000 0.345000) (R 9.160000 0.225000) (R 9.130000 0.105000) (R 9.100000 -0.015000) (R 9.070000 -0.135000) (R 9.040000 -0.255000) (R 9.010000 -0.375000) (R 8.980000 -0.495000) (R 8.950000 -0.615000) (R 8.920000 -0.735000) (R 8.890000 -0.855000) (R 8.860000 -0.975000) (R 8.980000 -0.975000) (R 9.100000 -0.975000) (R 9.220000 -0.975000) (R 9.340000 -0.975000) (R 9.460000 -0.975000) (R 9.580000 -0.975000) (R 9.610000 -0.855000) (R 9.640000 -0.735000) (R 9.670000 -0.615000) (R 9.700000 -0.495000) (R 9.730000 -0.375000) (R 9.760000 -0.255000) (R 9.790000 -0.135000) (R 9.820000 -0.015000) (R 9.920000 -0.015000) (R 10.020000 -0.015000) (R 10.120000 -0.015000) (R 10.190000 -0.015000) (R 10.260000 -0.025000) (R 10.260000 0.095000) (R 10.260000 0.215000) (R 10.260000 0.335000) (R 10.260000 0.455000) (R 10.180000 0.455000) (R 10.090000 0.455000) (R 10.000000 0.455000) (R 9.910000 0.455000) (R 9.940000 0.575000) (R 9.970000 0.695000) (R 10.000000 0.815000) (R 10.030000 0.935000) (R 10.060000 1.055000) (R 10.170000 1.055000) (R 10.280000 1.055000) (R 10.280000 1.165000) (R 10.280000 1.275000) (R 10.280000 1.385000) (R 10.280000 1.495000) (R 10.300000 1.425000);
poly (R 6.980000 1.425000) (R 6.950000 1.305000) (R 6.920000 1.185000) (R 6.890000 1.065000) (R 6.860000 0.945000) (R 6.830000 0.825000) (R 6.800000 0.705000) (R 6.770000 0.585000) (R 6.740000 0.465000) (R 6.710000 0.345000) (R 6.680000 0.225000) (R 6.650000 0.105000) (R 6.620000 -0.015000) (R 6.600000 -0.115000) (R 6.590000 -0.215000) (R 6.590000 -0.305000) (R 6.620000 -0.395000) (R 6.680000 -0.485000) (R 6.770000 -0.545000) (R 6.880000 -0.585000) (R 7.000000 -0.595000) (R 7.090000 -0.585000) (R 7.180000 -0.565000) (R 7.270000 -0.525000) (R 7.370000 -0.455000) (R 7.450000 -0.375000) (R 7.510000 -0.285000) (R 7.560000 -0.185000) (R 7.590000 -0.085000) (R 7.620000 0.015000) (R 7.650000 0.135000) (R 7.680000 0.255000) (R 7.710000 0.375000) (R 7.740000 0.495000) (R 7.770000 0.615000) (R 7.800000 0.735000) (R 7.830000 0.855000) (R 7.860000 0.975000) (R 7.890000 1.095000) (R 7.920000 1.215000) (R 7.950000 1.335000) (R 7.980000 1.455000) (R 8.090000 1.455000) (R 8.200000 1.455000) (R 8.310000 1.455000) (R 8.420000 1.455000) (R 8.530000 1.455000) (R 8.640000 1.455000) (R 8.610000 1.335000) (R 8.580000 1.215000) (R 8.550000 1.095000) (R 8.520000 0.975000) (R 8.490000 0.855000) (R 8.460000 0.735000) (R 8.430000 0.615000) (R 8.400000 0.495000) (R 8.370000 0.375000) (R 8.340000 0.255000) (R 8.310000 0.135000) (R 8.280000 0.015000) (R 8.260000 -0.085000) (R 8.230000 -0.185000) (R 8.200000 -0.285000) (R 8.160000 -0.385000) (R 8.110000 -0.485000) (R 8.060000 -0.575000) (R 8.000000 -0.655000) (R 7.930000 -0.725000) (R 7.850000 -0.795000) (R 7.770000 -0.855000) (R 7.680000 -0.905000) (R 7.590000 -0.945000) (R 7.500000 -0.985000) (R 7.400000 -1.015000) (R 7.310000 -1.035000) (R 7.210000 -1.055000) (R 7.110000 -1.065000) (R 7.020000 -1.075000) (R 6.930000 -1.085000) (R 6.840000 -1.085000) (R 6.720000 -1.085000) (R 6.600000 -1.075000) (R 6.480000 -1.055000) (R 6.360000 -1.025000) (R 6.250000 -0.985000) (R 6.150000 -0.935000) (R 6.060000 -0.875000) (R 6.000000 -0.815000) (R 5.950000 -0.745000) (R 5.910000 -0.665000) (R 5.870000 -0.545000) (R 5.850000 -0.415000) (R 5.850000 -0.285000) (R 5.860000 -0.165000) (R 5.880000 -0.055000) (R 5.900000 0.055000) (R 5.930000 0.175000) (R 5.960000 0.295000) (R 5.990000 0.415000) (R 6.020000 0.535000) (R 6.050000 0.655000) (R 6.080000 0.775000) (R 6.110000 0.895000) (R 6.140000 1.015000) (R 6.170000 1.135000) (R 6.200000 1.255000) (R 6.230000 1.375000) (R 6.260000 1.495000) (R 6.380000 1.495000) (R 6.500000 1.495000) (R 6.620000 1.495000) (R 6.740000 1.495000) (R 6.860000 1.495000) (R 6.980000 1.495000) (R 6.980000 1.425000);
poly (R 4.070000 0.935000) (R 3.940000 0.935000) (R 3.810000 0.935000) (R 3.680000 0.935000) (R 3.550000 0.935000) (R 3.420000 0.935000) (R 3.290000 0.935000) (R 3.320000 1.055000) (R 3.350000 1.175000) (R 3.380000 1.295000) (R 3.410000 1.415000) (R 3.530000 1.415000) (R 3.650000 1.415000) (R 3.770000 1.415000) (R 3.890000 1.415000) (R 4.010000 1.415000) (R 4.130000 1.415000) (R 4.250000 1.415000) (R 4.370000 1.415000) (R 4.490000 1.415000) (R 4.610000 1.415000) (R 4.730000 1.415000) (R 4.850000 1.415000) (R 4.970000 1.415000) (R 5.090000 1.415000) (R 5.210000 1.415000) (R 5.330000 1.415000) (R 5.450000 1.415000) (R 5.570000 1.415000) (R 5.540000 1.295000) (R 5.510000 1.175000) (R 5.480000 1.055000) (R 5.450000 0.935000) (R 5.340000 0.935000) (R 5.230000 0.935000) (R 5.120000 0.935000) (R 5.010000 0.935000) (R 4.900000 0.935000) (R 4.790000 0.935000) (R 4.680000 0.935000) (R 4.650000 0.815000) (R 4.620000 0.695000) (R 4.590000 0.565000) (R 4.560000 0.445000) (R 4.530000 0.325000) (R 4.500000 0.205000) (R 4.470000 0.085000) (R 4.440000 -0.035000) (R 4.410000 -0.155000) (R 4.380000 -0.275000) (R 4.350000 -0.395000) (R 4.320000 -0.515000) (R 4.290000 -0.635000) (R 4.260000 -0.755000) (R 4.230000 -0.875000) (R 4.200000 -1.005000) (R 4.080000 -1.005000) (R 3.960000 -1.005000) (R 3.840000 -1.005000) (R 3.720000 -1.005000) (R 3.600000 -1.005000) (R 3.480000 -1.005000) (R 3.510000 -0.885000) (R 3.540000 -0.765000) (R 3.570000 -0.635000) (R 3.600000 -0.515000) (R 3.630000 -0.395000) (R 3.660000 -0.275000) (R 3.690000 -0.155000) (R 3.720000 -0.035000) (R 3.750000 0.085000) (R 3.780000 0.205000) (R 3.810000 0.325000) (R 3.840000 0.445000) (R 3.870000 0.565000) (R 3.900000 0.685000) (R 3.930000 0.805000) (R 3.960000 0.935000) (R 4.070000 0.935000);
poly (R 1.560000 1.425000) (R 1.560000 1.315000) (R 1.560000 1.205000) (R 1.560000 1.095000) (R 1.560000 0.985000) (R 1.610000 0.985000) (R 1.690000 0.985000) (R 1.770000 0.985000) (R 1.840000 0.975000) (R 1.910000 0.955000) (R 1.970000 0.915000) (R 2.010000 0.865000) (R 2.030000 0.775000) (R 2.020000 0.685000) (R 2.000000 0.615000) (R 1.950000 0.535000) (R 1.880000 0.455000) (R 1.780000 0.405000) (R 1.670000 0.385000) (R 1.570000 0.385000) (R 1.570000 0.265000) (R 1.570000 0.145000) (R 1.570000 0.025000) (R 1.570000 -0.095000) (R 1.600000 -0.095000) (R 1.680000 -0.165000) (R 1.700000 -0.225000) (R 1.700000 -0.285000) (R 1.690000 -0.385000) (R 1.680000 -0.485000) (R 1.670000 -0.585000) (R 1.660000 -0.685000) (R 1.650000 -0.785000) (R 1.640000 -0.915000) (R 1.640000 -1.045000) (R 1.760000 -1.045000) (R 1.890000 -1.045000) (R 2.010000 -1.045000) (R 2.140000 -1.045000) (R 2.260000 -1.045000) (R 2.380000 -1.045000) (R 2.370000 -0.975000) (R 2.370000 -0.905000) (R 2.370000 -0.825000) (R 2.370000 -0.745000) (R 2.370000 -0.665000) (R 2.370000 -0.585000) (R 2.380000 -0.515000) (R 2.390000 -0.445000) (R 2.400000 -0.315000) (R 2.400000 -0.185000) (R 2.390000 -0.085000) (R 2.360000 0.005000) (R 2.300000 0.075000) (R 2.220000 0.125000) (R 2.130000 0.155000) (R 2.040000 0.165000) (R 1.950000 0.175000) (R 1.950000 0.185000) (R 2.030000 0.195000) (R 2.110000 0.215000) (R 2.190000 0.235000) (R 2.270000 0.265000) (R 2.350000 0.305000) (R 2.450000 0.365000) (R 2.500000 0.405000) (R 2.540000 0.455000) (R 2.580000 0.515000) (R 2.620000 0.585000) (R 2.650000 0.675000) (R 2.670000 0.765000) (R 2.680000 0.855000) (R 2.690000 0.945000) (R 2.690000 1.015000) (R 2.680000 1.085000) (R 2.650000 1.185000) (R 2.610000 1.255000) (R 2.570000 1.305000) (R 2.520000 1.345000) (R 2.450000 1.375000) (R 2.380000 1.395000) (R 2.280000 1.415000) (R 2.180000 1.425000) (R 2.080000 1.425000) (R 1.980000 1.425000) (R 1.880000 1.425000) (R 1.760000 1.425000) (R 1.640000 1.425000) (R 1.520000 1.425000) (R 1.560000 1.425000);
poly (R 1.560000 1.425000) (R 1.440000 1.425000) (R 1.320000 1.425000) (R 1.210000 1.425000) (R 1.090000 1.425000) (R 0.970000 1.425000) (R 0.850000 1.425000) (R 0.740000 1.425000) (R 0.710000 1.305000) (R 0.680000 1.185000) (R 0.650000 1.065000) (R 0.620000 0.945000) (R 0.590000 0.825000) (R 0.560000 0.705000) (R 0.530000 0.585000) (R 0.500000 0.465000) (R 0.470000 0.345000) (R 0.440000 0.225000) (R 0.410000 0.105000) (R 0.380000 -0.015000) (R 0.350000 -0.135000) (R 0.320000 -0.255000) (R 0.290000 -0.375000) (R 0.260000 -0.495000) (R 0.230000 -0.615000) (R 0.200000 -0.735000) (R 0.170000 -0.855000) (R 0.140000 -0.975000) (R 0.260000 -0.975000) (R 0.380000 -0.975000) (R 0.500000 -0.975000) (R 0.620000 -0.975000) (R 0.740000 -0.975000) (R 0.860000 -0.975000) (R 0.890000 -0.855000) (R 0.920000 -0.735000) (R 0.950000 -0.615000) (R 0.980000 -0.495000) (R 1.010000 -0.375000) (R 1.040000 -0.255000) (R 1.070000 -0.135000) (R 1.100000 -0.015000) (R 1.200000 -0.015000) (R 1.300000 -0.015000) (R 1.400000 -0.015000) (R 1.470000 -0.015000) (R 1.540000 -0.025000) (R 1.540000 0.095000) (R 1.540000 0.215000) (R 1.540000 0.335000) (R 1.540000 0.455000) (R 1.460000 0.455000) (R 1.370000 0.455000) (R 1.280000 0.455000) (R 1.190000 0.455000) (R 1.220000 0.575000) (R 1.250000 0.695000) (R 1.280000 0.815000) (R 1.310000 0.935000) (R 1.340000 1.055000) (R 1.440000 1.055000) (R 1.540000 1.055000) (R 1.540000 1.165000) (R 1.540000 1.275000) (R 1.540000 1.385000) (R 1.540000 1.495000) (R 1.560000 1.425000);
poly (R -1.950000 1.415000) (R -1.830000 1.415000) (R -1.710000 1.415000) (R -1.590000 1.415000) (R -1.470000 1.415000) (R -1.350000 1.415000) (R -1.230000 1.415000) (R -1.110000 1.415000) (R -0.990000 1.415000) (R -0.870000 1.415000) (R -0.740000 1.415000) (R -0.620000 1.415000) (R -0.500000 1.415000) (R -0.380000 1.415000) (R -0.250000 1.415000) (R -0.130000 1.415000) (R -0.160000 1.295000) (R -0.190000 1.175000) (R -0.220000 1.055000) (R -0.250000 0.935000) (R -0.370000 0.935000) (R -0.490000 0.935000) (R -0.610000 0.935000) (R -0.730000 0.935000) (R -0.850000 0.935000) (R -0.970000 0.935000) (R -1.090000 0.935000) (R -1.210000 0.935000) (R -1.330000 0.935000) (R -1.450000 0.935000) (R -1.470000 0.835000) (R -1.490000 0.735000) (R -1.510000 0.635000) (R -1.530000 0.535000) (R -1.550000 0.435000) (R -1.430000 0.435000) (R -1.310000 0.435000) (R -1.190000 0.435000) (R -1.070000 0.435000) (R -0.950000 0.435000) (R -0.830000 0.435000) (R -0.710000 0.435000) (R -0.590000 0.435000) (R -0.470000 0.435000) (R -0.500000 0.315000) (R -0.530000 0.195000) (R -0.560000 0.075000) (R -0.590000 -0.045000) (R -0.710000 -0.045000) (R -0.830000 -0.045000) (R -0.950000 -0.045000) (R -1.070000 -0.045000) (R -1.190000 -0.045000) (R -1.310000 -0.045000) (R -1.430000 -0.045000) (R -1.550000 -0.045000) (R -1.670000 -0.045000) (R -1.690000 -0.155000) (R -1.710000 -0.265000) (R -1.730000 -0.375000) (R -1.750000 -0.485000) (R -1.770000 -0.595000) (R -1.650000 -0.595000) (R -1.530000 -0.595000) (R -1.410000 -0.595000) (R -1.290000 -0.595000) (R -1.170000 -0.595000) (R -1.050000 -0.595000) (R -0.930000 -0.595000) (R -0.810000 -0.595000) (R -0.690000 -0.595000) (R -0.570000 -0.595000) (R -0.600000 -0.715000) (R -0.630000 -0.835000) (R -0.660000 -0.955000) (R -0.690000 -1.075000) (R -0.820000 -1.075000) (R -0.950000 -1.075000) (R -1.080000 -1.075000) (R -1.210000 -1.075000) (R -1.340000 -1.075000) (R -1.470000 -1.075000) (R -1.600000 -1.075000) (R -1.730000 -1.075000) (R -1.860000 -1.075000) (R -1.990000 -1.075000) (R -2.120000 -1.075000) (R -2.250000 -1.075000) (R -2.380000 -1.075000) (R -2.510000 -1.075000) (R -2.640000 -1.075000) (R -2.610000 -0.955000) (R -2.580000 -0.835000) (R -2.550000 -0.715000) (R -2.520000 -0.595000) (R -2.490000 -0.475000) (R -2.460000 -0.355000) (R -2.430000 -0.235000) (R -2.400000 -0.115000) (R -2.370000 0.005000) (R -2.340000 0.125000) (R -2.310000 0.245000) (R -2.280000 0.365000) (R -2.250000 0.485000) (R -2.220000 0.605000) (R -2.190000 0.725000) (R -2.160000 0.845000) (R -2.130000 0.965000) (R -2.100000 1.085000) (R -2.070000 1.205000) (R -2.040000 1.325000) (R -1.950000 1.415000);
poly (R -3.920000 1.425000) (R -3.920000 1.305000) (R -3.920000 1.185000) (R -3.920000 1.065000) (R -3.920000 0.945000) (R -3.880000 0.945000) (R -3.800000 0.945000) (R -3.720000 0.935000) (R -3.650000 0.925000) (R -3.580000 0.895000) (R -3.530000 0.855000) (R -3.500000 0.795000) (R -3.490000 0.705000) (R -3.500000 0.615000) (R -3.530000 0.515000) (R -3.580000 0.425000) (R -3.640000 0.365000) (R -3.710000 0.325000) (R -3.780000 0.305000) (R -3.860000 0.295000) (R -3.900000 0.295000) (R -3.900000 0.175000) (R -3.900000 0.055000) (R -3.900000 -0.065000) (R -3.900000 -0.185000) (R -3.830000 -0.185000) (R -3.750000 -0.185000) (R -3.670000 -0.175000) (R -3.580000 -0.165000) (R -3.490000 -0.145000) (R -3.400000 -0.115000) (R -3.310000 -0.075000) (R -3.250000 -0.045000) (R -3.190000 -0.005000) (R -3.110000 0.055000) (R -3.040000 0.125000) (R -2.960000 0.225000) (R -2.890000 0.325000) (R -2.840000 0.415000) (R -2.810000 0.515000) (R -2.790000 0.615000) (R -2.770000 0.715000) (R -2.760000 0.815000) (R -2.770000 0.915000) (R -2.800000 1.015000) (R -2.850000 1.115000) (R -2.920000 1.205000) (R -3.000000 1.275000) (R -3.070000 1.315000) (R -3.150000 1.345000) (R -3.230000 1.365000) (R -3.310000 1.385000) (R -3.390000 1.395000) (R -3.470000 1.405000) (R -3.550000 1.405000) (R -3.630000 1.405000) (R -3.720000 1.405000) (R -3.810000 1.405000) (R -3.900000 1.405000) (R -3.920000 1.425000);
poly (R -3.920000 1.425000) (R -4.040000 1.425000) (R -4.160000 1.425000) (R -4.280000 1.425000) (R -4.400000 1.425000) (R -4.520000 1.425000) (R -4.640000 1.425000) (R -4.760000 1.425000) (R -4.790000 1.305000) (R -4.820000 1.185000) (R -4.850000 1.065000) (R -4.880000 0.945000) (R -4.910000 0.825000) (R -4.940000 0.705000) (R -4.970000 0.585000) (R -5.000000 0.465000) (R -5.030000 0.345000) (R -5.060000 0.225000) (R -5.090000 0.105000) (R -5.120000 -0.015000) (R -5.150000 -0.135000) (R -5.180000 -0.255000) (R -5.210000 -0.375000) (R -5.240000 -0.495000) (R -5.270000 -0.615000) (R -5.300000 -0.735000) (R -5.330000 -0.855000) (R -5.360000 -0.975000) (R -5.240000 -0.975000) (R -5.120000 -0.975000) (R -5.000000 -0.975000) (R -4.880000 -0.975000) (R -4.760000 -0.975000) (R -4.640000 -0.975000) (R -4.620000 -0.865000) (R -4.600000 -0.755000) (R -4.580000 -0.645000) (R -4.560000 -0.535000) (R -4.540000 -0.425000) (R -4.520000 -0.315000) (R -4.500000 -0.205000) (R -4.480000 -0.095000) (R -4.370000 -0.095000) (R -4.260000 -0.095000) (R -4.150000 -0.095000) (R -4.040000 -0.095000) (R -3.980000 -0.095000) (R -3.980000 0.025000) (R -3.980000 0.145000) (R -3.980000 0.265000) (R -3.980000 0.385000) (R -4.080000 0.385000) (R -4.180000 0.385000) (R -4.280000 0.385000) (R -4.380000 0.385000) (R -4.360000 0.495000) (R -4.340000 0.605000) (R -4.320000 0.715000) (R -4.300000 0.825000) (R -4.280000 0.935000) (R -4.260000 1.045000) (R -4.170000 1.045000) (R -4.080000 1.045000) (R -3.990000 1.045000) (R -3.990000 1.165000) (R -3.990000 1.285000) (R -3.990000 1.405000) (R -3.990000 1.525000) (R -3.920000 1.425000);
poly (R -6.990000 1.425000) (R -6.990000 1.325000) (R -6.990000 1.225000) (R -6.990000 1.125000) (R -6.990000 1.025000) (R -6.990000 0.925000) (R -6.970000 0.955000) (R -6.960000 0.955000) (R -6.950000 0.835000) (R -6.940000 0.715000) (R -6.930000 0.595000) (R -6.920000 0.475000) (R -6.910000 0.355000) (R -6.900000 0.235000) (R -6.890000 0.115000) (R -6.880000 -0.005000) (R -6.870000 -0.125000) (R -7.000000 -0.125000) (R -7.000000 -0.235000) (R -7.000000 -0.345000) (R -7.000000 -0.455000) (R -7.000000 -0.565000) (R -6.910000 -0.565000) (R -6.820000 -0.565000) (R -6.800000 -0.685000) (R -6.780000 -0.815000) (R -6.760000 -0.945000) (R -6.740000 -1.075000) (R -6.630000 -1.075000) (R -6.520000 -1.075000) (R -6.410000 -1.075000) (R -6.300000 -1.075000) (R -6.190000 -1.075000) (R -6.080000 -1.075000) (R -5.970000 -1.075000) (R -5.990000 -0.955000) (R -6.010000 -0.835000) (R -6.030000 -0.715000) (R -6.050000 -0.595000) (R -6.070000 -0.475000) (R -6.090000 -0.355000) (R -6.110000 -0.235000) (R -6.130000 -0.115000) (R -6.150000 0.005000) (R -6.170000 0.125000) (R -6.190000 0.245000) (R -6.210000 0.365000) (R -6.230000 0.485000) (R -6.250000 0.605000) (R -6.270000 0.725000) (R -6.290000 0.845000) (R -6.310000 0.965000) (R -6.330000 1.085000) (R -6.350000 1.205000) (R -6.370000 1.325000) (R -6.490000 1.325000) (R -6.610000 1.325000) (R -6.730000 1.325000) (R -6.850000 1.325000) (R -6.970000 1.325000) (R -6.990000 1.425000);
poly (R -6.990000 1.425000) (R -7.080000 1.425000) (R -7.170000 1.425000) (R -7.260000 1.425000) (R -7.330000 1.315000) (R -7.400000 1.205000) (R -7.470000 1.095000) (R -7.540000 0.985000) (R -7.610000 0.875000) (R -7.680000 0.765000) (R -7.750000 0.655000) (R -7.820000 0.545000) (R -7.890000 0.435000) (R -7.960000 0.325000) (R -8.030000 0.215000) (R -8.100000 0.105000) (R -8.170000 -0.005000) (R -8.240000 -0.115000) (R -8.310000 -0.225000) (R -8.380000 -0.335000) (R -8.450000 -0.445000) (R -8.520000 -0.555000) (R -8.590000 -0.665000) (R -8.660000 -0.775000) (R -8.730000 -0.885000) (R -8.800000 -0.995000) (R -8.870000 -1.105000) (R -8.760000 -1.105000) (R -8.640000 -1.105000) (R -8.520000 -1.105000) (R -8.400000 -1.105000) (R -8.290000 -1.105000) (R -8.180000 -1.105000) (R -8.120000 -1.005000) (R -8.060000 -0.905000) (R -8.000000 -0.805000) (R -7.940000 -0.705000) (R -7.880000 -0.605000) (R -7.760000 -0.605000) (R -7.640000 -0.605000) (R -7.520000 -0.605000) (R -7.400000 -0.605000) (R -7.280000 -0.605000) (R -7.160000 -0.605000) (R -7.040000 -0.605000) (R -7.040000 -0.495000) (R -7.040000 -0.385000) (R -7.040000 -0.275000) (R -7.040000 -0.165000) (R -7.150000 -0.165000) (R -7.260000 -0.165000) (R -7.370000 -0.165000) (R -7.480000 -0.165000) (R -7.590000 -0.165000) (R -7.530000 -0.065000) (R -7.470000 0.035000) (R -7.410000 0.135000) (R -7.360000 0.235000) (R -7.310000 0.335000) (R -7.260000 0.435000) (R -7.200000 0.535000) (R -7.150000 0.635000) (R -7.090000 0.735000) (R -7.030000 0.835000) (R -7.030000 0.935000) (R -7.030000 1.035000) (R -7.030000 1.135000) (R -7.030000 1.235000) (R -7.030000 1.335000) (R -6.990000 1.425000);
poly (R 13.780000 -1.815000) (R 13.740000 -1.725000) (R 13.660000 -1.665000) (R 13.550000 -1.635000) (R 13.490000 -1.625000) (R 13.430000 -1.625000) (R 13.320000 -1.635000) (R 13.230000 -1.675000) (R 13.170000 -1.735000) (R 13.150000 -1.815000) (R 13.160000 -1.855000) (R 13.190000 -1.895000) (R 13.240000 -1.925000) (R 13.320000 -1.945000) (R 13.420000 -1.965000) (R 13.520000 -1.985000) (R 13.620000 -2.005000) (R 13.720000 -2.025000) (R 13.830000 -2.055000) (R 13.920000 -2.115000) (R 13.970000 -2.195000) (R 13.990000 -2.285000) (R 13.980000 -2.355000) (R 13.950000 -2.425000) (R 13.910000 -2.485000) (R 13.850000 -2.535000) (R 13.770000 -2.575000) (R 13.690000 -2.605000) (R 13.580000 -2.625000) (R 13.470000 -2.635000) (R 13.340000 -2.625000) (R 13.220000 -2.595000) (R 13.110000 -2.545000) (R 13.030000 -2.475000) (R 12.980000 -2.385000) (R 12.960000 -2.285000) (R 13.040000 -2.285000) (R 13.120000 -2.285000) (R 13.150000 -2.385000) (R 13.220000 -2.455000) (R 13.330000 -2.495000) (R 13.400000 -2.505000) (R 13.470000 -2.505000) (R 13.560000 -2.495000) (R 13.650000 -2.475000) (R 13.730000 -2.435000) (R 13.800000 -2.375000) (R 13.830000 -2.285000) (R 13.790000 -2.195000) (R 13.700000 -2.145000) (R 13.630000 -2.125000) (R 13.560000 -2.115000) (R 13.480000 -2.105000) (R 13.400000 -2.095000) (R 13.320000 -2.085000) (R 13.240000 -2.075000) (R 13.170000 -2.055000) (R 13.100000 -2.025000) (R 13.050000 -1.985000) (R 13.010000 -1.935000) (R 12.980000 -1.865000) (R 12.970000 -1.795000) (R 12.980000 -1.725000) (R 13.000000 -1.655000) (R 13.040000 -1.595000) (R 13.090000 -1.545000) (R 13.160000 -1.505000) (R 13.240000 -1.485000) (R 13.340000 -1.465000) (R 13.440000 -1.455000) (R 13.530000 -1.455000) (R 13.610000 -1.465000) (R 13.690000 -1.485000) (R 13.760000 -1.515000) (R 13.820000 -1.555000) (R 13.870000 -1.615000) (R 13.910000 -1.685000) (R 13.920000 -1.765000) (R 13.840000 -1.765000) (R 13.760000 -1.765000) (R 13.780000 -1.815000);
poly (R 11.290000 -1.535000) (R 11.410000 -1.535000) (R 11.530000 -1.535000) (R 11.650000 -1.535000) (R 11.770000 -1.535000) (R 11.890000 -1.535000) (R 12.010000 -1.535000) (R 12.130000 -1.535000) (R 12.130000 -1.655000) (R 12.020000 -1.655000) (R 11.910000 -1.655000) (R 11.800000 -1.655000) (R 11.690000 -1.655000) (R 11.580000 -1.655000) (R 11.470000 -1.655000) (R 11.470000 -1.765000) (R 11.470000 -1.875000) (R 11.470000 -1.985000) (R 11.590000 -1.985000) (R 11.710000 -1.985000) (R 11.830000 -1.985000) (R 11.950000 -1.985000) (R 12.070000 -1.985000) (R 12.070000 -2.105000) (R 11.950000 -2.105000) (R 11.830000 -2.105000) (R 11.710000 -2.105000) (R 11.590000 -2.105000) (R 11.470000 -2.105000) (R 11.470000 -2.225000) (R 11.470000 -2.345000) (R 11.470000 -2.465000) (R 11.580000 -2.465000) (R 11.690000 -2.465000) (R 11.800000 -2.465000) (R 11.910000 -2.465000) (R 12.020000 -2.465000) (R 12.130000 -2.465000) (R 12.130000 -2.585000) (R 12.010000 -2.585000) (R 11.890000 -2.585000) (R 11.770000 -2.585000) (R 11.650000 -2.585000) (R 11.530000 -2.585000) (R 11.410000 -2.585000) (R 11.290000 -2.585000) (R 11.290000 -2.465000) (R 11.290000 -2.345000) (R 11.290000 -2.225000) (R 11.290000 -2.105000) (R 11.290000 -1.985000) (R 11.290000 -1.865000) (R 11.290000 -1.745000) (R 11.290000 -1.625000) (R 11.290000 -1.505000) (R 11.290000 -1.535000);
poly (R 10.230000 -1.535000) (R 10.310000 -1.535000) (R 10.390000 -1.535000) (R 10.390000 -1.655000) (R 10.390000 -1.775000) (R 10.390000 -1.895000) (R 10.390000 -2.015000) (R 10.390000 -2.135000) (R 10.390000 -2.255000) (R 10.390000 -2.375000) (R 10.390000 -2.495000) (R 10.390000 -2.615000) (R 10.310000 -2.615000) (R 10.230000 -2.615000) (R 10.230000 -2.495000) (R 10.230000 -2.375000) (R 10.230000 -2.255000) (R 10.230000 -2.135000) (R 10.230000 -2.015000) (R 10.230000 -1.895000) (R 10.230000 -1.775000) (R 10.230000 -1.655000) (R 10.230000 -1.535000) (R 10.230000 -1.535000);
poly (R 8.720000 -1.535000) (R 8.720000 -1.655000) (R 8.820000 -1.655000) (R 8.920000 -1.655000) (R 9.030000 -1.665000) (R 9.130000 -1.695000) (R 9.180000 -1.755000) (R 9.190000 -1.835000) (R 9.170000 -1.925000) (R 9.120000 -1.975000) (R 9.030000 -2.005000) (R 8.920000 -2.015000) (R 8.820000 -2.015000) (R 8.720000 -2.015000) (R 8.720000 -2.135000) (R 8.790000 -2.135000) (R 8.860000 -2.135000) (R 8.920000 -2.135000) (R 8.980000 -2.145000) (R 9.060000 -2.175000) (R 9.110000 -2.215000) (R 9.130000 -2.265000) (R 9.150000 -2.355000) (R 9.170000 -2.455000) (R 9.190000 -2.545000) (R 9.210000 -2.615000) (R 9.290000 -2.615000) (R 9.370000 -2.615000) (R 9.350000 -2.555000) (R 9.340000 -2.495000) (R 9.330000 -2.415000) (R 9.320000 -2.335000) (R 9.290000 -2.215000) (R 9.250000 -2.135000) (R 9.190000 -2.095000) (R 9.100000 -2.075000) (R 9.200000 -2.045000) (R 9.280000 -1.985000) (R 9.330000 -1.905000) (R 9.350000 -1.815000) (R 9.330000 -1.695000) (R 9.270000 -1.605000) (R 9.210000 -1.565000) (R 9.140000 -1.545000) (R 9.040000 -1.525000) (R 8.940000 -1.525000) (R 8.830000 -1.525000) (R 8.720000 -1.525000) (R 8.720000 -1.535000);
poly (R 8.720000 -1.535000) (R 8.610000 -1.535000) (R 8.500000 -1.535000) (R 8.390000 -1.535000) (R 8.390000 -1.655000) (R 8.390000 -1.775000) (R 8.390000 -1.895000) (R 8.390000 -2.015000) (R 8.390000 -2.135000) (R 8.390000 -2.255000) (R 8.390000 -2.375000) (R 8.390000 -2.495000) (R 8.390000 -2.615000) (R 8.470000 -2.615000) (R 8.550000 -2.615000) (R 8.550000 -2.495000) (R 8.550000 -2.375000) (R 8.550000 -2.255000) (R 8.550000 -2.135000) (R 8.630000 -2.135000) (R 8.710000 -2.135000) (R 8.710000 -2.015000) (R 8.630000 -2.015000) (R 8.550000 -2.015000) (R 8.550000 -1.895000) (R 8.550000 -1.775000) (R 8.550000 -1.655000) (R 8.630000 -1.655000) (R 8.710000 -1.655000) (R 8.710000 -1.535000) (R 8.720000 -1.535000);
poly (R 6.870000 -1.505000) (R 6.870000 -1.635000) (R 6.930000 -1.625000) (R 7.020000 -1.635000) (R 7.110000 -1.655000) (R 7.190000 -1.695000) (R 7.260000 -1.745000) (R 7.310000 -1.815000) (R 7.350000 -1.895000) (R 7.380000 -1.985000) (R 7.390000 -2.075000) (R 7.380000 -2.165000) (R 7.350000 -2.255000) (R 7.310000 -2.335000) (R 7.260000 -2.405000) (R 7.190000 -2.455000) (R 7.110000 -2.495000) (R 7.020000 -2.515000) (R 6.930000 -2.525000) (R 6.870000 -2.515000) (R 6.870000 -2.645000) (R 6.920000 -2.655000) (R 7.020000 -2.645000) (R 7.120000 -2.625000) (R 7.210000 -2.595000) (R 7.310000 -2.535000) (R 7.400000 -2.455000) (R 7.460000 -2.365000) (R 7.500000 -2.265000) (R 7.520000 -2.165000) (R 7.530000 -2.065000) (R 7.530000 -1.995000) (R 7.520000 -1.925000) (R 7.500000 -1.855000) (R 7.470000 -1.795000) (R 7.430000 -1.735000) (R 7.390000 -1.675000) (R 7.340000 -1.625000) (R 7.280000 -1.585000) (R 7.200000 -1.545000) (R 7.120000 -1.515000) (R 7.020000 -1.495000) (R 6.920000 -1.485000) (R 6.870000 -1.495000) (R 6.870000 -1.505000);
poly (R 6.870000 -1.505000) (R 6.790000 -1.515000) (R 6.710000 -1.525000) (R 6.630000 -1.555000) (R 6.550000 -1.595000) (R 6.490000 -1.635000) (R 6.440000 -1.685000) (R 6.400000 -1.745000) (R 6.360000 -1.805000) (R 6.330000 -1.865000) (R 6.310000 -1.935000) (R 6.300000 -2.005000) (R 6.300000 -2.075000) (R 6.310000 -2.175000) (R 6.330000 -2.275000) (R 6.370000 -2.375000) (R 6.430000 -2.465000) (R 6.520000 -2.545000) (R 6.620000 -2.605000) (R 6.740000 -2.635000) (R 6.860000 -2.645000) (R 6.860000 -2.515000) (R 6.800000 -2.505000) (R 6.740000 -2.485000) (R 6.660000 -2.445000) (R 6.590000 -2.395000) (R 6.540000 -2.325000) (R 6.500000 -2.245000) (R 6.470000 -2.155000) (R 6.460000 -2.065000) (R 6.470000 -1.975000) (R 6.500000 -1.885000) (R 6.540000 -1.805000) (R 6.590000 -1.735000) (R 6.660000 -1.685000) (R 6.740000 -1.645000) (R 6.800000 -1.625000) (R 6.860000 -1.615000) (R 6.860000 -1.485000) (R 6.870000 -1.505000);
poly (R 4.990000 -1.665000) (R 4.870000 -1.665000) (R 4.750000 -1.665000) (R 4.630000 -1.665000) (R 4.510000 -1.665000) (R 4.510000 -1.595000) (R 4.510000 -1.525000) (R 4.630000 -1.525000) (R 4.750000 -1.525000) (R 4.870000 -1.525000) (R 4.990000 -1.525000) (R 5.110000 -1.525000) (R 5.230000 -1.525000) (R 5.350000 -1.525000) (R 5.470000 -1.525000) (R 5.590000 -1.525000) (R 5.590000 -1.595000) (R 5.590000 -1.665000) (R 5.470000 -1.665000) (R 5.350000 -1.665000) (R 5.230000 -1.665000) (R 5.110000 -1.665000) (R 5.110000 -1.785000) (R 5.110000 -1.905000) (R 5.110000 -2.025000) (R 5.110000 -2.145000) (R 5.110000 -2.265000) (R 5.110000 -2.385000) (R 5.110000 -2.505000) (R 5.110000 -2.625000) (R 5.030000 -2.625000) (R 4.950000 -2.625000) (R 4.950000 -2.505000) (R 4.950000 -2.385000) (R 4.950000 -2.265000) (R 4.950000 -2.145000) (R 4.950000 -2.025000) (R 4.950000 -1.905000) (R 4.950000 -1.785000) (R 4.950000 -1.665000) (R 4.990000 -1.665000);
poly (R 3.250000 -1.535000) (R 3.250000 -1.635000) (R 3.250000 -1.745000) (R 3.250000 -1.845000) (R 3.300000 -1.755000) (R 3.350000 -1.665000) (R 3.400000 -1.775000) (R 3.450000 -1.885000) (R 3.500000 -1.995000) (R 3.550000 -2.105000) (R 3.600000 -2.215000) (R 3.480000 -2.215000) (R 3.360000 -2.215000) (R 3.240000 -2.215000) (R 3.240000 -2.335000) (R 3.350000 -2.335000) (R 3.460000 -2.335000) (R 3.570000 -2.335000) (R 3.680000 -2.335000) (R 3.730000 -2.425000) (R 3.780000 -2.515000) (R 3.830000 -2.605000) (R 3.920000 -2.605000) (R 4.010000 -2.605000) (R 3.950000 -2.495000) (R 3.890000 -2.385000) (R 3.830000 -2.275000) (R 3.770000 -2.165000) (R 3.710000 -2.055000) (R 3.650000 -1.945000) (R 3.590000 -1.835000) (R 3.530000 -1.725000) (R 3.470000 -1.615000) (R 3.410000 -1.505000) (R 3.320000 -1.505000) (R 3.230000 -1.505000) (R 3.250000 -1.535000);
poly (R 3.250000 -1.535000) (R 3.190000 -1.645000) (R 3.130000 -1.755000) (R 3.070000 -1.865000) (R 3.010000 -1.975000) (R 2.950000 -2.085000) (R 2.890000 -2.195000) (R 2.830000 -2.305000) (R 2.770000 -2.415000) (R 2.710000 -2.525000) (R 2.650000 -2.635000) (R 2.740000 -2.635000) (R 2.830000 -2.635000) (R 2.880000 -2.545000) (R 2.930000 -2.455000) (R 2.980000 -2.365000) (R 3.100000 -2.365000) (R 3.220000 -2.365000) (R 3.220000 -2.245000) (R 3.130000 -2.245000) (R 3.040000 -2.245000) (R 3.090000 -2.155000) (R 3.140000 -2.065000) (R 3.190000 -1.975000) (R 3.240000 -1.885000) (R 3.240000 -1.785000) (R 3.240000 -1.675000) (R 3.240000 -1.575000) (R 3.250000 -1.535000);
poly (R 1.370000 -1.535000) (R 1.370000 -1.655000) (R 1.440000 -1.655000) (R 1.510000 -1.655000) (R 1.620000 -1.665000) (R 1.720000 -1.695000) (R 1.770000 -1.755000) (R 1.780000 -1.835000) (R 1.760000 -1.925000) (R 1.710000 -1.975000) (R 1.620000 -2.005000) (R 1.510000 -2.015000) (R 1.440000 -2.015000) (R 1.370000 -2.015000) (R 1.370000 -2.135000) (R 1.450000 -2.135000) (R 1.510000 -2.135000) (R 1.570000 -2.145000) (R 1.650000 -2.175000) (R 1.700000 -2.215000) (R 1.720000 -2.265000) (R 1.740000 -2.355000) (R 1.760000 -2.455000) (R 1.780000 -2.545000) (R 1.800000 -2.615000) (R 1.880000 -2.615000) (R 1.960000 -2.615000) (R 1.940000 -2.555000) (R 1.930000 -2.495000) (R 1.920000 -2.415000) (R 1.910000 -2.335000) (R 1.880000 -2.215000) (R 1.840000 -2.135000) (R 1.780000 -2.095000) (R 1.690000 -2.075000) (R 1.790000 -2.045000) (R 1.870000 -1.985000) (R 1.920000 -1.905000) (R 1.940000 -1.815000) (R 1.920000 -1.695000) (R 1.860000 -1.605000) (R 1.800000 -1.565000) (R 1.730000 -1.545000) (R 1.630000 -1.525000) (R 1.530000 -1.525000) (R 1.450000 -1.525000) (R 1.370000 -1.525000) (R 1.370000 -1.535000);
poly (R 1.370000 -1.535000) (R 1.270000 -1.535000) (R 1.170000 -1.535000) (R 1.070000 -1.535000) (R 0.970000 -1.535000) (R 0.970000 -1.655000) (R 0.970000 -1.775000) (R 0.970000 -1.895000) (R 0.970000 -2.015000) (R 0.970000 -2.135000) (R 0.970000 -2.255000) (R 0.970000 -2.375000) (R 0.970000 -2.495000) (R 0.970000 -2.615000) (R 1.050000 -2.615000) (R 1.130000 -2.615000) (R 1.130000 -2.495000) (R 1.130000 -2.375000) (R 1.130000 -2.255000) (R 1.130000 -2.135000) (R 1.240000 -2.135000) (R 1.350000 -2.135000) (R 1.350000 -2.015000) (R 1.240000 -2.015000) (R 1.130000 -2.015000) (R 1.130000 -1.895000) (R 1.130000 -1.775000) (R 1.130000 -1.655000) (R 1.240000 -1.655000) (R 1.350000 -1.655000) (R 1.350000 -1.535000) (R 1.370000 -1.535000);
poly (R -0.550000 -1.515000) (R -0.550000 -1.645000) (R -0.490000 -1.635000) (R -0.400000 -1.645000) (R -0.310000 -1.665000) (R -0.230000 -1.705000) (R -0.160000 -1.755000) (R -0.110000 -1.825000) (R -0.070000 -1.905000) (R -0.040000 -1.995000) (R -0.030000 -2.085000) (R -0.040000 -2.175000) (R -0.070000 -2.265000) (R -0.110000 -2.345000) (R -0.160000 -2.415000) (R -0.230000 -2.465000) (R -0.310000 -2.505000) (R -0.400000 -2.525000) (R -0.490000 -2.535000) (R -0.550000 -2.525000) (R -0.550000 -2.585000) (R -0.550000 -2.645000) (R -0.490000 -2.655000) (R -0.390000 -2.645000) (R -0.290000 -2.625000) (R -0.200000 -2.595000) (R -0.100000 -2.535000) (R -0.010000 -2.455000) (R 0.050000 -2.365000) (R 0.090000 -2.265000) (R 0.110000 -2.165000) (R 0.120000 -2.065000) (R 0.120000 -1.995000) (R 0.110000 -1.925000) (R 0.090000 -1.855000) (R 0.060000 -1.795000) (R 0.020000 -1.735000) (R -0.020000 -1.675000) (R -0.070000 -1.625000) (R -0.130000 -1.585000) (R -0.210000 -1.545000) (R -0.290000 -1.515000) (R -0.390000 -1.495000) (R -0.490000 -1.485000) (R -0.550000 -1.495000) (R -0.550000 -1.515000);
poly (R -0.550000 -1.515000) (R -0.620000 -1.525000) (R -0.690000 -1.535000) (R -0.770000 -1.565000) (R -0.850000 -1.605000) (R -0.910000 -1.645000) (R -0.960000 -1.695000) (R -1.000000 -1.755000) (R -1.040000 -1.815000) (R -1.070000 -1.875000) (R -1.090000 -1.945000) (R -1.100000 -2.015000) (R -1.100000 -2.085000) (R -1.090000 -2.185000) (R -1.070000 -2.285000) (R -1.030000 -2.385000) (R -0.970000 -2.475000) (R -0.880000 -2.555000) (R -0.780000 -2.615000) (R -0.670000 -2.645000) (R -0.550000 -2.655000) (R -0.550000 -2.595000) (R -0.550000 -2.535000) (R -0.670000 -2.515000) (R -0.750000 -2.475000) (R -0.820000 -2.425000) (R -0.870000 -2.355000) (R -0.910000 -2.275000) (R -0.940000 -2.185000) (R -0.950000 -2.095000) (R -0.940000 -2.005000) (R -0.910000 -1.915000) (R -0.870000 -1.835000) (R -0.820000 -1.765000) (R -0.750000 -1.715000) (R -0.670000 -1.675000) (R -0.550000 -1.655000) (R -0.550000 -1.525000) (R -0.550000 -1.515000);
poly (R -2.490000 -1.535000) (R -2.490000 -1.655000) (R -2.390000 -1.655000) (R -2.320000 -1.655000) (R -2.250000 -1.665000) (R -2.170000 -1.695000) (R -2.130000 -1.745000) (R -2.120000 -1.815000) (R -2.130000 -1.885000) (R -2.170000 -1.945000) (R -2.250000 -1.975000) (R -2.330000 -1.985000) (R -2.410000 -1.985000) (R -2.490000 -1.985000) (R -2.490000 -2.105000) (R -2.370000 -2.105000) (R -2.260000 -2.115000) (R -2.160000 -2.155000) (R -2.110000 -2.215000) (R -2.090000 -2.295000) (R -2.100000 -2.365000) (R -2.140000 -2.425000) (R -2.220000 -2.465000) (R -2.290000 -2.475000) (R -2.360000 -2.475000) (R -2.490000 -2.475000) (R -2.490000 -2.595000) (R -2.420000 -2.595000) (R -2.350000 -2.595000) (R -2.250000 -2.585000) (R -2.160000 -2.565000) (R -2.090000 -2.535000) (R -2.030000 -2.495000) (R -1.960000 -2.395000) (R -1.940000 -2.275000) (R -1.960000 -2.185000) (R -2.010000 -2.105000) (R -2.090000 -2.045000) (R -2.200000 -2.015000) (R -2.200000 -2.005000) (R -2.110000 -1.975000) (R -2.030000 -1.925000) (R -1.990000 -1.855000) (R -1.980000 -1.765000) (R -2.000000 -1.645000) (R -2.070000 -1.555000) (R -2.130000 -1.525000) (R -2.200000 -1.505000) (R -2.300000 -1.495000) (R -2.400000 -1.495000) (R -2.510000 -1.495000) (R -2.490000 -1.535000);
poly (R -2.490000 -1.535000) (R -2.590000 -1.535000) (R -2.690000 -1.535000) (R -2.790000 -1.535000) (R -2.890000 -1.535000) (R -2.890000 -1.655000) (R -2.890000 -1.775000) (R -2.890000 -1.895000) (R -2.890000 -2.015000) (R -2.890000 -2.135000) (R -2.890000 -2.255000) (R -2.890000 -2.375000) (R -2.890000 -2.495000) (R -2.890000 -2.615000) (R -2.790000 -2.615000) (R -2.690000 -2.615000) (R -2.590000 -2.615000) (R -2.490000 -2.615000) (R -2.490000 -2.495000) (R -2.620000 -2.495000) (R -2.750000 -2.495000) (R -2.750000 -2.365000) (R -2.750000 -2.235000) (R -2.750000 -2.105000) (R -2.620000 -2.105000) (R -2.490000 -2.105000) (R -2.490000 -1.985000) (R -2.620000 -1.985000) (R -2.750000 -1.985000) (R -2.750000 -1.875000) (R -2.750000 -1.765000) (R -2.750000 -1.655000) (R -2.620000 -1.655000) (R -2.490000 -1.655000) (R -2.490000 -1.535000) (R -2.490000 -1.535000);
poly (R -4.330000 -1.535000) (R -4.330000 -1.615000) (R -4.330000 -1.695000) (R -4.320000 -1.675000) (R -4.270000 -1.785000) (R -4.220000 -1.895000) (R -4.170000 -2.005000) (R -4.120000 -2.115000) (R -4.070000 -2.225000) (R -4.160000 -2.225000) (R -4.260000 -2.225000) (R -4.360000 -2.225000) (R -4.360000 -2.345000) (R -4.240000 -2.345000) (R -4.120000 -2.345000) (R -4.000000 -2.345000) (R -3.950000 -2.435000) (R -3.900000 -2.525000) (R -3.850000 -2.615000) (R -3.760000 -2.615000) (R -3.670000 -2.615000) (R -3.730000 -2.505000) (R -3.790000 -2.395000) (R -3.850000 -2.285000) (R -3.910000 -2.175000) (R -3.970000 -2.065000) (R -4.030000 -1.955000) (R -4.090000 -1.845000) (R -4.150000 -1.735000) (R -4.210000 -1.625000) (R -4.270000 -1.515000) (R -4.370000 -1.515000) (R -4.330000 -1.535000);
poly (R -4.330000 -1.535000) (R -4.410000 -1.535000) (R -4.470000 -1.645000) (R -4.530000 -1.755000) (R -4.590000 -1.865000) (R -4.650000 -1.975000) (R -4.710000 -2.085000) (R -4.770000 -2.195000) (R -4.830000 -2.305000) (R -4.890000 -2.415000) (R -4.950000 -2.525000) (R -5.010000 -2.635000) (R -4.920000 -2.635000) (R -4.830000 -2.635000) (R -4.780000 -2.545000) (R -4.730000 -2.455000) (R -4.680000 -2.365000) (R -4.570000 -2.365000) (R -4.460000 -2.365000) (R -4.350000 -2.365000) (R -4.350000 -2.245000) (R -4.440000 -2.245000) (R -4.530000 -2.245000) (R -4.620000 -2.245000) (R -4.570000 -2.145000) (R -4.520000 -2.045000) (R -4.470000 -1.945000) (R -4.420000 -1.845000) (R -4.370000 -1.745000) (R -4.370000 -1.665000) (R -4.370000 -1.585000) (R -4.330000 -1.535000);
poly (R -6.420000 -1.545000) (R -6.340000 -1.545000) (R -6.260000 -1.545000) (R -6.260000 -1.665000) (R -6.260000 -1.785000) (R -6.260000 -1.905000) (R -6.260000 -2.025000) (R -6.260000 -2.145000) (R -6.260000 -2.265000) (R -6.260000 -2.385000) (R -6.260000 -2.505000) (R -6.140000 -2.505000) (R -6.020000 -2.505000) (R -5.900000 -2.505000) (R -5.780000 -2.505000) (R -5.660000 -2.505000) (R -5.660000 -2.625000) (R -5.770000 -2.625000) (R -5.880000 -2.625000) (R -5.990000 -2.625000) (R -6.100000 -2.625000) (R -6.210000 -2.625000) (R -6.320000 -2.625000) (R -6.430000 -2.625000) (R -6.430000 -2.505000) (R -6.430000 -2.385000) (R -6.430000 -2.265000) (R -6.430000 -2.145000) (R -6.430000 -2.025000) (R -6.430000 -1.905000) (R -6.430000 -1.785000) (R -6.430000 -1.665000) (R -6.430000 -1.545000) (R -6.420000 -1.545000);

